#
# There is insufficient memory for the Java Runtime Environment to continue.
# Native memory allocation (malloc) failed to allocate 1090224 bytes for Chunk::new
# Possible reasons:
#   The system is out of physical RAM or swap space
#   In 32 bit mode, the process size limit was hit
# Possible solutions:
#   Reduce memory load on the system
#   Increase physical memory or swap space
#   Check if swap backing store is full
#   Use 64 bit Java on a 64 bit OS
#   Decrease Java heap size (-Xmx/-Xms)
#   Decrease number of Java threads
#   Decrease Java thread stack sizes (-Xss)
#   Set larger code cache with -XX:ReservedCodeCacheSize=
# This output file may be truncated or incomplete.
#
#  Out of Memory Error (allocation.cpp:390), pid=4764, tid=0x00000000000004d8
#
# JRE version: OpenJDK Runtime Environment (8.0_152-b02) (build 1.8.0_152-release-1024-b02)
# Java VM: OpenJDK 64-Bit Server VM (25.152-b02 mixed mode windows-amd64 compressed oops)
# Failed to write core dump. Minidumps are not enabled by default on client versions of Windows
#

---------------  T H R E A D  ---------------

Current thread (0x0000000016dc9800):  JavaThread "C2 CompilerThread0" daemon [_thread_in_native, id=1240, stack(0x0000000018430000,0x0000000018530000)]

Stack: [0x0000000018430000,0x0000000018530000]
[error occurred during error reporting (printing stack bounds), id 0xc0000005]

Native frames: (J=compiled Java code, j=interpreted, Vv=VM code, C=native code)


Current CompileTask:
C2:  22161 9833   !   4       java.nio.file.FileTreeWalker::visit (204 bytes)


---------------  P R O C E S S  ---------------

Java Threads: ( => current thread )
  0x000000001e645000 JavaThread "stdout" daemon [_thread_in_native, id=3164, stack(0x0000000026810000,0x0000000026910000)]
  0x000000001e64b800 JavaThread "stderr" daemon [_thread_in_native, id=11136, stack(0x0000000026710000,0x0000000026810000)]
  0x000000001e647000 JavaThread "stdout" daemon [_thread_in_native, id=9368, stack(0x0000000026610000,0x0000000026710000)]
  0x000000001e64a000 JavaThread "stderr" daemon [_thread_in_native, id=5340, stack(0x0000000026510000,0x0000000026610000)]
  0x000000001e642000 JavaThread "stdout" daemon [_thread_in_native, id=10636, stack(0x0000000026410000,0x0000000026510000)]
  0x000000001e646800 JavaThread "stderr" daemon [_thread_in_native, id=2252, stack(0x0000000026310000,0x0000000026410000)]
  0x000000001e644000 JavaThread "stdout" daemon [_thread_in_native, id=6700, stack(0x0000000026210000,0x0000000026310000)]
  0x000000001e643800 JavaThread "stderr" daemon [_thread_in_native, id=6560, stack(0x0000000026110000,0x0000000026210000)]
  0x000000001e648000 JavaThread "queued-resource-processor_8" daemon [_thread_blocked, id=7136, stack(0x0000000026010000,0x0000000026110000)]
  0x000000001e648800 JavaThread "queued-resource-processor_7" daemon [_thread_blocked, id=1688, stack(0x0000000025f10000,0x0000000026010000)]
  0x000000001e645800 JavaThread "queued-resource-processor_6" daemon [_thread_blocked, id=7620, stack(0x0000000025e10000,0x0000000025f10000)]
  0x000000001e642800 JavaThread "queued-resource-processor_5" daemon [_thread_blocked, id=6868, stack(0x0000000025d10000,0x0000000025e10000)]
  0x000000001c95e800 JavaThread "Task worker for ':' Thread 3" [_thread_blocked, id=10076, stack(0x0000000024f10000,0x0000000025010000)]
  0x000000001c95c800 JavaThread "Task worker for ':' Thread 2" [_thread_blocked, id=5992, stack(0x0000000024e10000,0x0000000024f10000)]
  0x000000001c95e000 JavaThread "Task worker for ':'" [_thread_blocked, id=10964, stack(0x0000000024d10000,0x0000000024e10000)]
  0x000000001c95d000 JavaThread "Cache worker for Build Output Cleanup Cache (C:\Users\Sumit Lakra\AndroidStudioProjects\MagicPinAssesment\.gradle\buildOutputCleanup)" [_thread_blocked, id=10440, stack(0x0000000024c10000,0x0000000024d10000)]
  0x000000001c95b800 JavaThread "Cache worker for task history cache (C:\Users\Sumit Lakra\AndroidStudioProjects\MagicPinAssesment\.gradle\4.4\taskHistory)" [_thread_blocked, id=10772, stack(0x0000000024b10000,0x0000000024c10000)]
  0x000000001c95b000 JavaThread "build operations Thread 4" [_thread_blocked, id=6216, stack(0x0000000024a10000,0x0000000024b10000)]
  0x000000001c953800 JavaThread "build operations Thread 3" [_thread_blocked, id=1320, stack(0x0000000024910000,0x0000000024a10000)]
  0x000000001c95a000 JavaThread "build operations Thread 2" [_thread_blocked, id=4032, stack(0x0000000024810000,0x0000000024910000)]
  0x000000001c959800 JavaThread "build operations" [_thread_blocked, id=2040, stack(0x0000000024710000,0x0000000024810000)]
  0x000000001c958800 JavaThread "Cache worker for Artifact transforms cache (C:\Users\Sumit Lakra\.gradle\caches\transforms-1)" [_thread_blocked, id=7024, stack(0x0000000024610000,0x0000000024710000)]
  0x000000001c951000 JavaThread "Cache worker for file hash cache (C:\Users\Sumit Lakra\AndroidStudioProjects\MagicPinAssesment\.gradle\4.4\fileHashes)" [_thread_blocked, id=6188, stack(0x0000000024510000,0x0000000024610000)]
  0x000000001c958000 JavaThread "Stdin handler" [_thread_blocked, id=5916, stack(0x0000000024410000,0x0000000024510000)]
  0x000000001c952800 JavaThread "Asynchronous log dispatcher for DefaultDaemonConnection: socket connection from /127.0.0.1:49727 to /127.0.0.1:49739" [_thread_blocked, id=8948, stack(0x0000000024310000,0x0000000024410000)]
  0x000000001c955800 JavaThread "Cancel handler" [_thread_blocked, id=7452, stack(0x0000000024210000,0x0000000024310000)]
  0x000000001c952000 JavaThread "Handler for socket connection from /127.0.0.1:49727 to /127.0.0.1:49739" [_thread_in_native, id=9588, stack(0x0000000022ba0000,0x0000000022ca0000)]
  0x000000001c955000 JavaThread "Memory manager" [_thread_blocked, id=10692, stack(0x00000000224a0000,0x00000000225a0000)]
  0x000000001c954000 JavaThread "pool-1-thread-1" [_thread_blocked, id=6520, stack(0x00000000221a0000,0x00000000222a0000)]
  0x0000000019ecb800 JavaThread "File lock request listener" [_thread_in_native, id=11028, stack(0x000000001c850000,0x000000001c950000)]
  0x000000001b7a0800 JavaThread "Cache worker for file hash cache (C:\Users\Sumit Lakra\.gradle\caches\4.4\fileHashes)" [_thread_blocked, id=772, stack(0x000000001c750000,0x000000001c850000)]
  0x0000000019ce2800 JavaThread "Daemon worker" [_thread_blocked, id=6824, stack(0x000000001b280000,0x000000001b380000)]
  0x00000000198ed000 JavaThread "Daemon" [_thread_blocked, id=11048, stack(0x000000001ad80000,0x000000001ae80000)]
  0x0000000019c05000 JavaThread "Daemon periodic checks" [_thread_blocked, id=1336, stack(0x000000001ac80000,0x000000001ad80000)]
  0x0000000019be0000 JavaThread "Incoming local TCP Connector on port 49727" [_thread_in_native, id=8844, stack(0x000000001aa40000,0x000000001ab40000)]
  0x0000000018754000 JavaThread "Service Thread" daemon [_thread_blocked, id=8016, stack(0x0000000018b30000,0x0000000018c30000)]
  0x0000000016dd9800 JavaThread "C1 CompilerThread2" daemon [_thread_blocked, id=11080, stack(0x0000000018630000,0x0000000018730000)]
  0x0000000016dce800 JavaThread "C2 CompilerThread1" daemon [_thread_blocked, id=4288, stack(0x0000000018530000,0x0000000018630000)]
=>0x0000000016dc9800 JavaThread "C2 CompilerThread0" daemon [_thread_in_native, id=1240, stack(0x0000000018430000,0x0000000018530000)]
  0x0000000016dc9000 JavaThread "Attach Listener" daemon [_thread_blocked, id=924, stack(0x0000000018330000,0x0000000018430000)]
  0x0000000016dd7800 JavaThread "Signal Dispatcher" daemon [_thread_blocked, id=4776, stack(0x0000000018230000,0x0000000018330000)]
  0x0000000016db8800 JavaThread "Finalizer" daemon [_thread_blocked, id=10456, stack(0x0000000018040000,0x0000000018140000)]
  0x0000000003453000 JavaThread "Reference Handler" daemon [_thread_blocked, id=1080, stack(0x0000000017f40000,0x0000000018040000)]
  0x00000000032fe800 JavaThread "main" [_thread_blocked, id=1480, stack(0x00000000031e0000,0x00000000032e0000)]

Other Threads:
  0x0000000016d95800 VMThread [stack: 0x0000000017e40000,0x0000000017f40000] [id=2836]
  0x0000000016e2e800 WatcherThread [stack: 0x0000000018c30000,0x0000000018d30000] [id=11120]

VM state:not at safepoint (normal execution)

VM Mutex/Monitor currently owned by a thread: None

Heap:
 PSYoungGen      total 226304K, used 136699K [0x00000000e0000000, 0x00000000f1e00000, 0x0000000100000000)
  eden space 201728K, 59% used [0x00000000e0000000,0x00000000e7563b70,0x00000000ec500000)
  from space 24576K, 67% used [0x00000000ec500000,0x00000000ed51b1d0,0x00000000edd00000)
  to   space 25088K, 0% used [0x00000000f0580000,0x00000000f0580000,0x00000000f1e00000)
 ParOldGen       total 152576K, used 45869K [0x00000000a0000000, 0x00000000a9500000, 0x00000000e0000000)
  object space 152576K, 30% used [0x00000000a0000000,0x00000000a2ccb600,0x00000000a9500000)
 Metaspace       used 69117K, capacity 71699K, committed 71808K, reserved 1112064K
  class space    used 9223K, capacity 9825K, committed 9856K, reserved 1048576K

Card table byte_map: [0x0000000012820000,0x0000000012b30000] byte_map_base: 0x0000000012320000

Marking Bits: (ParMarkBitMap*) 0x000000005e454970
 Begin Bits: [0x0000000013130000, 0x0000000014930000)
 End Bits:   [0x0000000014930000, 0x0000000016130000)

Polling page: 0x0000000001870000

CodeCache: size=245760Kb used=27465Kb max_used=27496Kb free=218294Kb
 bounds [0x0000000003460000, 0x0000000004f60000, 0x0000000012460000]
 total_blobs=9349 nmethods=8551 adapters=709
 compilation: enabled

Compilation events (10 events):
Event: 21.612 Thread 0x0000000016dd9800 nmethod 9850 0x0000000004f20690 code [0x0000000004f20820, 0x0000000004f20c08]
Event: 21.628 Thread 0x0000000016dd9800 9851       3       java.io.File::toString (5 bytes)
Event: 21.629 Thread 0x0000000016dd9800 nmethod 9851 0x0000000004ef9710 code [0x0000000004ef9860, 0x0000000004ef99d0]
Event: 21.629 Thread 0x0000000016dd9800 9852       3       java.lang.StringBuilder::append (9 bytes)
Event: 21.629 Thread 0x0000000016dd9800 nmethod 9852 0x0000000004f20d90 code [0x0000000004f20f20, 0x0000000004f21318]
Event: 21.780 Thread 0x0000000016dc9800 nmethod 9808 0x0000000004f2b410 code [0x0000000004f2bd20, 0x0000000004f34d00]
Event: 21.780 Thread 0x0000000016dc9800 9833   !   4       java.nio.file.FileTreeWalker::visit (204 bytes)
Event: 21.854 Thread 0x0000000016dce800 nmethod 9832 0x0000000004f47710 code [0x0000000004f47de0, 0x0000000004f4cea8]
Event: 21.855 Thread 0x0000000016dce800 9847       4       jdk.internal.org.objectweb.asm.ByteVector::putByte (39 bytes)
Event: 21.856 Thread 0x0000000016dce800 nmethod 9847 0x0000000004f28390 code [0x0000000004f284e0, 0x0000000004f28608]

GC Heap History (10 events):
Event: 7.493 GC heap before
{Heap before GC invocations=10 (full 2):
 PSYoungGen      total 140800K, used 131072K [0x00000000e0000000, 0x00000000ebe00000, 0x0000000100000000)
  eden space 131072K, 100% used [0x00000000e0000000,0x00000000e8000000,0x00000000e8000000)
  from space 9728K, 0% used [0x00000000e8000000,0x00000000e8000000,0x00000000e8980000)
  to   space 13312K, 0% used [0x00000000eb100000,0x00000000eb100000,0x00000000ebe00000)
 ParOldGen       total 97792K, used 20950K [0x00000000a0000000, 0x00000000a5f80000, 0x00000000e0000000)
  object space 97792K, 21% used [0x00000000a0000000,0x00000000a1475b18,0x00000000a5f80000)
 Metaspace       used 43470K, capacity 44498K, committed 44672K, reserved 1087488K
  class space    used 5966K, capacity 6265K, committed 6272K, reserved 1048576K
Event: 7.513 GC heap after
Heap after GC invocations=10 (full 2):
 PSYoungGen      total 178688K, used 13297K [0x00000000e0000000, 0x00000000ed500000, 0x0000000100000000)
  eden space 165376K, 0% used [0x00000000e0000000,0x00000000e0000000,0x00000000ea180000)
  from space 13312K, 99% used [0x00000000eb100000,0x00000000ebdfc7c0,0x00000000ebe00000)
  to   space 15872K, 0% used [0x00000000ea180000,0x00000000ea180000,0x00000000eb100000)
 ParOldGen       total 97792K, used 22255K [0x00000000a0000000, 0x00000000a5f80000, 0x00000000e0000000)
  object space 97792K, 22% used [0x00000000a0000000,0x00000000a15bbc70,0x00000000a5f80000)
 Metaspace       used 43470K, capacity 44498K, committed 44672K, reserved 1087488K
  class space    used 5966K, capacity 6265K, committed 6272K, reserved 1048576K
}
Event: 10.149 GC heap before
{Heap before GC invocations=11 (full 2):
 PSYoungGen      total 178688K, used 178673K [0x00000000e0000000, 0x00000000ed500000, 0x0000000100000000)
  eden space 165376K, 100% used [0x00000000e0000000,0x00000000ea180000,0x00000000ea180000)
  from space 13312K, 99% used [0x00000000eb100000,0x00000000ebdfc7c0,0x00000000ebe00000)
  to   space 15872K, 0% used [0x00000000ea180000,0x00000000ea180000,0x00000000eb100000)
 ParOldGen       total 97792K, used 22255K [0x00000000a0000000, 0x00000000a5f80000, 0x00000000e0000000)
  object space 97792K, 22% used [0x00000000a0000000,0x00000000a15bbc70,0x00000000a5f80000)
 Metaspace       used 55888K, capacity 57604K, committed 57856K, reserved 1099776K
  class space    used 7676K, capacity 8095K, committed 8192K, reserved 1048576K
Event: 10.173 GC heap after
Heap after GC invocations=11 (full 2):
 PSYoungGen      total 181248K, used 15853K [0x00000000e0000000, 0x00000000ef200000, 0x0000000100000000)
  eden space 165376K, 0% used [0x00000000e0000000,0x00000000e0000000,0x00000000ea180000)
  from space 15872K, 99% used [0x00000000ea180000,0x00000000eb0fb520,0x00000000eb100000)
  to   space 21504K, 0% used [0x00000000edd00000,0x00000000edd00000,0x00000000ef200000)
 ParOldGen       total 97792K, used 30672K [0x00000000a0000000, 0x00000000a5f80000, 0x00000000e0000000)
  object space 97792K, 31% used [0x00000000a0000000,0x00000000a1df43c0,0x00000000a5f80000)
 Metaspace       used 55888K, capacity 57604K, committed 57856K, reserved 1099776K
  class space    used 7676K, capacity 8095K, committed 8192K, reserved 1048576K
}
Event: 10.979 GC heap before
{Heap before GC invocations=12 (full 2):
 PSYoungGen      total 181248K, used 127013K [0x00000000e0000000, 0x00000000ef200000, 0x0000000100000000)
  eden space 165376K, 67% used [0x00000000e0000000,0x00000000e6c8e070,0x00000000ea180000)
  from space 15872K, 99% used [0x00000000ea180000,0x00000000eb0fb520,0x00000000eb100000)
  to   space 21504K, 0% used [0x00000000edd00000,0x00000000edd00000,0x00000000ef200000)
 ParOldGen       total 97792K, used 30672K [0x00000000a0000000, 0x00000000a5f80000, 0x00000000e0000000)
  object space 97792K, 31% used [0x00000000a0000000,0x00000000a1df43c0,0x00000000a5f80000)
 Metaspace       used 57064K, capacity 58802K, committed 59008K, reserved 1099776K
  class space    used 7854K, capacity 8316K, committed 8320K, reserved 1048576K
Event: 11.008 GC heap after
Heap after GC invocations=12 (full 2):
 PSYoungGen      total 223232K, used 21255K [0x00000000e0000000, 0x00000000eff00000, 0x0000000100000000)
  eden space 201728K, 0% used [0x00000000e0000000,0x00000000e0000000,0x00000000ec500000)
  from space 21504K, 98% used [0x00000000edd00000,0x00000000ef1c1fb0,0x00000000ef200000)
  to   space 24576K, 0% used [0x00000000ec500000,0x00000000ec500000,0x00000000edd00000)
 ParOldGen       total 97792K, used 38114K [0x00000000a0000000, 0x00000000a5f80000, 0x00000000e0000000)
  object space 97792K, 38% used [0x00000000a0000000,0x00000000a2538b08,0x00000000a5f80000)
 Metaspace       used 57064K, capacity 58802K, committed 59008K, reserved 1099776K
  class space    used 7854K, capacity 8316K, committed 8320K, reserved 1048576K
}
Event: 11.008 GC heap before
{Heap before GC invocations=13 (full 3):
 PSYoungGen      total 223232K, used 21255K [0x00000000e0000000, 0x00000000eff00000, 0x0000000100000000)
  eden space 201728K, 0% used [0x00000000e0000000,0x00000000e0000000,0x00000000ec500000)
  from space 21504K, 98% used [0x00000000edd00000,0x00000000ef1c1fb0,0x00000000ef200000)
  to   space 24576K, 0% used [0x00000000ec500000,0x00000000ec500000,0x00000000edd00000)
 ParOldGen       total 97792K, used 38114K [0x00000000a0000000, 0x00000000a5f80000, 0x00000000e0000000)
  object space 97792K, 38% used [0x00000000a0000000,0x00000000a2538b08,0x00000000a5f80000)
 Metaspace       used 57064K, capacity 58802K, committed 59008K, reserved 1099776K
  class space    used 7854K, capacity 8316K, committed 8320K, reserved 1048576K
Event: 11.257 GC heap after
Heap after GC invocations=13 (full 3):
 PSYoungGen      total 223232K, used 0K [0x00000000e0000000, 0x00000000eff00000, 0x0000000100000000)
  eden space 201728K, 0% used [0x00000000e0000000,0x00000000e0000000,0x00000000ec500000)
  from space 21504K, 0% used [0x00000000edd00000,0x00000000edd00000,0x00000000ef200000)
  to   space 24576K, 0% used [0x00000000ec500000,0x00000000ec500000,0x00000000edd00000)
 ParOldGen       total 152576K, used 45861K [0x00000000a0000000, 0x00000000a9500000, 0x00000000e0000000)
  object space 152576K, 30% used [0x00000000a0000000,0x00000000a2cc9600,0x00000000a9500000)
 Metaspace       used 57064K, capacity 58802K, committed 59008K, reserved 1099776K
  class space    used 7854K, capacity 8316K, committed 8320K, reserved 1048576K
}
Event: 18.348 GC heap before
{Heap before GC invocations=14 (full 3):
 PSYoungGen      total 223232K, used 201728K [0x00000000e0000000, 0x00000000eff00000, 0x0000000100000000)
  eden space 201728K, 100% used [0x00000000e0000000,0x00000000ec500000,0x00000000ec500000)
  from space 21504K, 0% used [0x00000000edd00000,0x00000000edd00000,0x00000000ef200000)
  to   space 24576K, 0% used [0x00000000ec500000,0x00000000ec500000,0x00000000edd00000)
 ParOldGen       total 152576K, used 45861K [0x00000000a0000000, 0x00000000a9500000, 0x00000000e0000000)
  object space 152576K, 30% used [0x00000000a0000000,0x00000000a2cc9600,0x00000000a9500000)
 Metaspace       used 66112K, capacity 68545K, committed 68608K, reserved 1107968K
  class space    used 8857K, capacity 9460K, committed 9472K, reserved 1048576K
Event: 18.367 GC heap after
Heap after GC invocations=14 (full 3):
 PSYoungGen      total 226304K, used 16492K [0x00000000e0000000, 0x00000000f1e00000, 0x0000000100000000)
  eden space 201728K, 0% used [0x00000000e0000000,0x00000000e0000000,0x00000000ec500000)
  from space 24576K, 67% used [0x00000000ec500000,0x00000000ed51b1d0,0x00000000edd00000)
  to   space 25088K, 0% used [0x00000000f0580000,0x00000000f0580000,0x00000000f1e00000)
 ParOldGen       total 152576K, used 45869K [0x00000000a0000000, 0x00000000a9500000, 0x00000000e0000000)
  object space 152576K, 30% used [0x00000000a0000000,0x00000000a2ccb600,0x00000000a9500000)
 Metaspace       used 66112K, capacity 68545K, committed 68608K, reserved 1107968K
  class space    used 8857K, capacity 9460K, committed 9472K, reserved 1048576K
}

Deoptimization events (10 events):
Event: 20.517 Thread 0x000000001c95c800 Uncommon trap: reason=class_check action=maybe_recompile pc=0x0000000004e75fcc method=com.sun.org.apache.xerces.internal.dom.NamedNodeMapImpl.findNamePoint(Ljava/lang/String;I)I @ 54
Event: 20.517 Thread 0x000000001c95c800 Uncommon trap: reason=class_check action=maybe_recompile pc=0x0000000004101358 method=com.sun.org.apache.xerces.internal.dom.NamedNodeMapImpl.findNamePoint(Ljava/lang/String;I)I @ 54
Event: 20.517 Thread 0x000000001c95c800 Uncommon trap: reason=class_check action=maybe_recompile pc=0x0000000004101358 method=com.sun.org.apache.xerces.internal.dom.NamedNodeMapImpl.findNamePoint(Ljava/lang/String;I)I @ 54
Event: 20.517 Thread 0x000000001c95c800 Uncommon trap: reason=class_check action=maybe_recompile pc=0x0000000004101358 method=com.sun.org.apache.xerces.internal.dom.NamedNodeMapImpl.findNamePoint(Ljava/lang/String;I)I @ 54
Event: 20.540 Thread 0x000000001c95c800 Uncommon trap: reason=unstable_if action=reinterpret pc=0x0000000004e4bb98 method=com.sun.org.apache.xerces.internal.dom.NodeImpl.getOwnerDocument()Lorg/w3c/dom/Document; @ 4
Event: 20.544 Thread 0x000000001c95c800 Uncommon trap: reason=class_check action=maybe_recompile pc=0x0000000004e75fcc method=com.sun.org.apache.xerces.internal.dom.NamedNodeMapImpl.findNamePoint(Ljava/lang/String;I)I @ 54
Event: 20.599 Thread 0x000000001c95c800 Uncommon trap: reason=unstable_if action=reinterpret pc=0x0000000004aa357c method=java.util.regex.Matcher.match(II)Z @ 30
Event: 20.970 Thread 0x000000001c95c800 Uncommon trap: reason=unstable_if action=reinterpret pc=0x0000000004dec768 method=com.google.gson.stream.JsonWriter.newline()V @ 4
Event: 20.970 Thread 0x000000001c95c800 Uncommon trap: reason=unstable_if action=reinterpret pc=0x0000000004de70c8 method=com.google.gson.stream.JsonWriter.string(Ljava/lang/String;)V @ 4
Event: 21.628 Thread 0x000000001e642800 Uncommon trap: reason=unstable_if action=reinterpret pc=0x0000000004ed6d14 method=java.lang.String.valueOf(Ljava/lang/Object;)Ljava/lang/String; @ 1

Classes redefined (0 events):
No events

Internal exceptions (10 events):
Event: 17.594 Thread 0x0000000019ce2800 Exception <a 'sun/nio/fs/WindowsException'> (0x00000000eb4079e0) thrown at [D:\src\AOSP-openjdk-cygwin\jdk8u\hotspot\src\share\vm\prims\jni.cpp, line 709]
Event: 18.372 Thread 0x000000001c95c800 Exception <a 'java/lang/NoSuchMethodError': <clinit>> (0x00000000e0130630) thrown at [D:\src\AOSP-openjdk-cygwin\jdk8u\hotspot\src\share\vm\prims\jni.cpp, line 1613]
Event: 18.373 Thread 0x000000001c95c800 Exception <a 'java/lang/NoSuchMethodError': <clinit>> (0x00000000e013b878) thrown at [D:\src\AOSP-openjdk-cygwin\jdk8u\hotspot\src\share\vm\prims\jni.cpp, line 1613]
Event: 18.382 Thread 0x000000001c95c800 Exception <a 'java/lang/NoSuchMethodError': <clinit>> (0x00000000e01b9608) thrown at [D:\src\AOSP-openjdk-cygwin\jdk8u\hotspot\src\share\vm\prims\jni.cpp, line 1613]
Event: 18.382 Thread 0x000000001c95c800 Exception <a 'java/lang/NoSuchMethodError': <clinit>> (0x00000000e01cc410) thrown at [D:\src\AOSP-openjdk-cygwin\jdk8u\hotspot\src\share\vm\prims\jni.cpp, line 1613]
Event: 18.382 Thread 0x000000001c95c800 Exception <a 'java/lang/NoSuchMethodError': <clinit>> (0x00000000e01cdcc0) thrown at [D:\src\AOSP-openjdk-cygwin\jdk8u\hotspot\src\share\vm\prims\jni.cpp, line 1613]
Event: 19.056 Thread 0x000000001c95c800 Exception <a 'java/lang/NoSuchMethodError': <clinit>> (0x00000000e1c943a8) thrown at [D:\src\AOSP-openjdk-cygwin\jdk8u\hotspot\src\share\vm\prims\jni.cpp, line 1613]
Event: 19.057 Thread 0x000000001c95c800 Exception <a 'java/lang/NoSuchMethodError': <clinit>> (0x00000000e1c9e418) thrown at [D:\src\AOSP-openjdk-cygwin\jdk8u\hotspot\src\share\vm\prims\jni.cpp, line 1613]
Event: 20.275 Thread 0x000000001c95c800 Implicit null exception at 0x0000000004e3d397 to 0x0000000004e3d6dd
Event: 20.315 Thread 0x000000001c95c800 Implicit null exception at 0x0000000004e47110 to 0x0000000004e47141

Events (10 events):
Event: 21.605 loading class com/android/builder/internal/aapt/AaptUtils done
Event: 21.606 loading class com/google/common/collect/Iterables$4
Event: 21.606 loading class com/google/common/collect/Iterables$4 done
Event: 21.628 Thread 0x000000001e642800 Uncommon trap: trap_request=0xffffff65 fr.pc=0x0000000004ed6d14
Event: 21.628 Thread 0x000000001e642800 DEOPT PACKING pc=0x0000000004ed6d14 sp=0x0000000025e0ee10
Event: 21.628 Thread 0x000000001e642800 DEOPT UNPACKING pc=0x00000000034a557b sp=0x0000000025e0edb8 mode 2
Event: 21.628 Executing VM operation: RevokeBias
Event: 21.628 Executing VM operation: RevokeBias done
Event: 21.686 Thread 0x000000001e64b800 Thread added: 0x000000001e64b800
Event: 21.686 Thread 0x000000001e645000 Thread added: 0x000000001e645000


Dynamic libraries:
0x00007ff7806c0000 - 0x00007ff7806f1000 	C:\Program Files\Android\Android Studio\jre\bin\java.exe
0x00007ff8c8320000 - 0x00007ff8c8501000 	C:\WINDOWS\SYSTEM32\ntdll.dll
0x00007ff8c5c70000 - 0x00007ff8c5d22000 	C:\WINDOWS\System32\KERNEL32.DLL
0x00007ff8c4950000 - 0x00007ff8c4bc3000 	C:\WINDOWS\System32\KERNELBASE.dll
0x00007ff8c6240000 - 0x00007ff8c62e1000 	C:\WINDOWS\System32\ADVAPI32.dll
0x00007ff8c5ec0000 - 0x00007ff8c5f5e000 	C:\WINDOWS\System32\msvcrt.dll
0x00007ff8c80c0000 - 0x00007ff8c811b000 	C:\WINDOWS\System32\sechost.dll
0x00007ff8c5d30000 - 0x00007ff8c5e54000 	C:\WINDOWS\System32\RPCRT4.dll
0x00007ff8c6470000 - 0x00007ff8c6600000 	C:\WINDOWS\System32\USER32.dll
0x00007ff8c55a0000 - 0x00007ff8c55c0000 	C:\WINDOWS\System32\win32u.dll
0x00007ff8c82c0000 - 0x00007ff8c82e8000 	C:\WINDOWS\System32\GDI32.dll
0x00007ff8c5380000 - 0x00007ff8c5512000 	C:\WINDOWS\System32\gdi32full.dll
0x00007ff8c4bd0000 - 0x00007ff8c4c6f000 	C:\WINDOWS\System32\msvcp_win.dll
0x00007ff8c46f0000 - 0x00007ff8c47ea000 	C:\WINDOWS\System32\ucrtbase.dll
0x00007ff8b5860000 - 0x00007ff8b5ac9000 	C:\WINDOWS\WinSxS\amd64_microsoft.windows.common-controls_6595b64144ccf1df_6.0.17134.345_none_fb429a5930656358\COMCTL32.dll
0x00007ff8c5860000 - 0x00007ff8c5b83000 	C:\WINDOWS\System32\combase.dll
0x00007ff8c5520000 - 0x00007ff8c559a000 	C:\WINDOWS\System32\bcryptPrimitives.dll
0x00007ff8c57b0000 - 0x00007ff8c57dd000 	C:\WINDOWS\System32\IMM32.DLL
0x000000005f710000 - 0x000000005f7e2000 	C:\Program Files\Android\Android Studio\jre\jre\bin\msvcr100.dll
0x000000005dc90000 - 0x000000005e4cf000 	C:\Program Files\Android\Android Studio\jre\jre\bin\server\jvm.dll
0x00007ff8c5c60000 - 0x00007ff8c5c68000 	C:\WINDOWS\System32\PSAPI.DLL
0x00007ff8bb220000 - 0x00007ff8bb229000 	C:\WINDOWS\SYSTEM32\WSOCK32.dll
0x00007ff8c6400000 - 0x00007ff8c646c000 	C:\WINDOWS\System32\WS2_32.dll
0x00007ff8bb790000 - 0x00007ff8bb7b3000 	C:\WINDOWS\SYSTEM32\WINMM.dll
0x00007ff8bb210000 - 0x00007ff8bb21a000 	C:\WINDOWS\SYSTEM32\VERSION.dll
0x00007ff8bb580000 - 0x00007ff8bb5aa000 	C:\WINDOWS\SYSTEM32\WINMMBASE.dll
0x00007ff8c47f0000 - 0x00007ff8c4839000 	C:\WINDOWS\System32\cfgmgr32.dll
0x00007ff8a3500000 - 0x00007ff8a350f000 	C:\Program Files\Android\Android Studio\jre\jre\bin\verify.dll
0x00007ff8a2330000 - 0x00007ff8a2359000 	C:\Program Files\Android\Android Studio\jre\jre\bin\java.dll
0x00007ff8a2310000 - 0x00007ff8a2326000 	C:\Program Files\Android\Android Studio\jre\jre\bin\zip.dll
0x00007ff8c6600000 - 0x00007ff8c7a3f000 	C:\WINDOWS\System32\SHELL32.dll
0x00007ff8c6350000 - 0x00007ff8c63f9000 	C:\WINDOWS\System32\shcore.dll
0x00007ff8c4c70000 - 0x00007ff8c537d000 	C:\WINDOWS\System32\windows.storage.dll
0x00007ff8c62f0000 - 0x00007ff8c6341000 	C:\WINDOWS\System32\shlwapi.dll
0x00007ff8c4660000 - 0x00007ff8c4671000 	C:\WINDOWS\System32\kernel.appcore.dll
0x00007ff8c4640000 - 0x00007ff8c465f000 	C:\WINDOWS\System32\profapi.dll
0x00007ff8c4680000 - 0x00007ff8c46cc000 	C:\WINDOWS\System32\powrprof.dll
0x00007ff8c4630000 - 0x00007ff8c463a000 	C:\WINDOWS\System32\FLTLIB.DLL
0x00007ff896ca0000 - 0x00007ff896cba000 	C:\Program Files\Android\Android Studio\jre\jre\bin\net.dll
0x00007ff8c3eb0000 - 0x00007ff8c3f16000 	C:\WINDOWS\system32\mswsock.dll
0x00007ff896c80000 - 0x00007ff896c91000 	C:\Program Files\Android\Android Studio\jre\jre\bin\nio.dll
0x00007ff8bbd50000 - 0x00007ff8bbd6e000 	C:\Users\Sumit Lakra\.gradle\native\25\windows-amd64\native-platform.dll
0x00007ff8a3400000 - 0x00007ff8a340d000 	C:\Program Files\Android\Android Studio\jre\jre\bin\management.dll
0x00007ff8c4070000 - 0x00007ff8c4087000 	C:\WINDOWS\SYSTEM32\CRYPTSP.dll
0x00007ff8c3a90000 - 0x00007ff8c3ac3000 	C:\WINDOWS\system32\rsaenh.dll
0x00007ff8c4190000 - 0x00007ff8c41b5000 	C:\WINDOWS\SYSTEM32\bcrypt.dll
0x00007ff8c4560000 - 0x00007ff8c4588000 	C:\WINDOWS\SYSTEM32\USERENV.dll
0x00007ff8c4060000 - 0x00007ff8c406b000 	C:\WINDOWS\SYSTEM32\CRYPTBASE.dll
0x00007ff8c3c30000 - 0x00007ff8c3c68000 	C:\WINDOWS\SYSTEM32\IPHLPAPI.DLL
0x00007ff8c7af0000 - 0x00007ff8c7af8000 	C:\WINDOWS\System32\NSI.dll
0x00007ff8bee70000 - 0x00007ff8bee86000 	C:\WINDOWS\SYSTEM32\dhcpcsvc6.DLL
0x00007ff8bef80000 - 0x00007ff8bef9a000 	C:\WINDOWS\SYSTEM32\dhcpcsvc.DLL

VM Arguments:
jvm_args: -Xmx1536m -Dfile.encoding=windows-1252 -Duser.country=US -Duser.language=en -Duser.variant 
java_command: org.gradle.launcher.daemon.bootstrap.GradleDaemon 4.4
java_class_path (initial): C:\Users\Sumit Lakra\.gradle\wrapper\dists\gradle-4.4-all\9br9xq1tocpiv8o6njlyu5op1\gradle-4.4\lib\gradle-launcher-4.4.jar
Launcher Type: SUN_STANDARD

Environment Variables:
PATH=C:\Program Files (x86)\Intel\iCLS Client\;C:\Program Files\Intel\iCLS Client\;C:\WINDOWS\system32;C:\WINDOWS;C:\WINDOWS\System32\Wbem;C:\WINDOWS\System32\WindowsPowerShell\v1.0\;C:\Program Files\Intel\WiFi\bin\;C:\Program Files\Common Files\Intel\WirelessCommon\;C:\Program Files (x86)\Intel\Intel(R) Management Engine Components\DAL;C:\Program Files\Intel\Intel(R) Management Engine Components\DAL;C:\Program Files (x86)\Intel\Intel(R) Management Engine Components\IPT;C:\Program Files\Intel\Intel(R) Management Engine Components\IPT;C:\Program Files (x86)\Skype\Phone\;C:\WINDOWS\System32\OpenSSH\;C:\Program Files\Git\cmd;C:\Program Files\Intel\WiFi\bin\;C:\Program Files\Common Files\Intel\WirelessCommon\;%USERPROFILE%\AppData\Local\Microsoft\WindowsApps;
USERNAME=Sumit Lakra
OS=Windows_NT
PROCESSOR_IDENTIFIER=Intel64 Family 6 Model 142 Stepping 9, GenuineIntel



---------------  S Y S T E M  ---------------

OS: Windows 10.0 , 64 bit Build 17134 (10.0.17134.1)

CPU:total 4 (initial active 4) (2 cores per cpu, 2 threads per core) family 6 model 142 stepping 9, cmov, cx8, fxsr, mmx, sse, sse2, sse3, ssse3, sse4.1, sse4.2, popcnt, avx, avx2, aes, clmul, erms, 3dnowpref, lzcnt, ht, tsc, tscinvbit, bmi1, bmi2, adx

Memory: 4k page, physical 8303528k(1783764k free), swap 10258344k(5192k free)

vm_info: OpenJDK 64-Bit Server VM (25.152-b02) for windows-amd64 JRE (1.8.0_152-release-1024-b02), built by "builder" with MS VC++ 10.0 (VS2010)

time: Fri Oct 19 21:45:04 2018
elapsed time: 22 seconds (0d 0h 0m 22s)

