#
# There is insufficient memory for the Java Runtime Environment to continue.
# Native memory allocation (malloc) failed to allocate 1795056 bytes for Chunk::new
# Possible reasons:
#   The system is out of physical RAM or swap space
#   In 32 bit mode, the process size limit was hit
# Possible solutions:
#   Reduce memory load on the system
#   Increase physical memory or swap space
#   Check if swap backing store is full
#   Use 64 bit Java on a 64 bit OS
#   Decrease Java heap size (-Xmx/-Xms)
#   Decrease number of Java threads
#   Decrease Java thread stack sizes (-Xss)
#   Set larger code cache with -XX:ReservedCodeCacheSize=
# This output file may be truncated or incomplete.
#
#  Out of Memory Error (allocation.cpp:390), pid=4276, tid=0x0000000000002754
#
# JRE version: OpenJDK Runtime Environment (8.0_152-b02) (build 1.8.0_152-release-1024-b02)
# Java VM: OpenJDK 64-Bit Server VM (25.152-b02 mixed mode windows-amd64 compressed oops)
# Failed to write core dump. Minidumps are not enabled by default on client versions of Windows
#

---------------  T H R E A D  ---------------

Current thread (0x00000000166b1000):  JavaThread "C2 CompilerThread1" daemon [_thread_in_native, id=10068, stack(0x0000000017df0000,0x0000000017ef0000)]

Stack: [0x0000000017df0000,0x0000000017ef0000]
[error occurred during error reporting (printing stack bounds), id 0xc0000005]

Native frames: (J=compiled Java code, j=interpreted, Vv=VM code, C=native code)


Current CompileTask:
C2:4064372 17787       4       java.beans.MethodRef::get (91 bytes)


---------------  P R O C E S S  ---------------

Java Threads: ( => current thread )
  0x00000000187fa000 JavaThread "build operations Thread 4" [_thread_blocked, id=552, stack(0x000000003f660000,0x000000003f760000)]
  0x00000000187fb800 JavaThread "build operations Thread 3" [_thread_blocked, id=11132, stack(0x000000003f560000,0x000000003f660000)]
  0x00000000187f7000 JavaThread "build operations Thread 2" [_thread_blocked, id=224, stack(0x000000003f460000,0x000000003f560000)]
  0x000000001c396800 JavaThread "build operations" [_thread_blocked, id=9292, stack(0x000000003f360000,0x000000003f460000)]
  0x000000001c395000 JavaThread "Cache worker for Artifact transforms cache (C:\Users\Sumit Lakra\.gradle\caches\transforms-1)" [_thread_blocked, id=10288, stack(0x000000003f260000,0x000000003f360000)]
  0x000000001c397000 JavaThread "Cache worker for file hash cache (C:\Users\Sumit Lakra\AndroidStudioProjects\MagicPinAssesment\.gradle\4.4\fileHashes)" [_thread_blocked, id=5748, stack(0x000000003f160000,0x000000003f260000)]
  0x000000001c392000 JavaThread "Stdin handler" [_thread_blocked, id=9852, stack(0x000000003f060000,0x000000003f160000)]
  0x000000001c393800 JavaThread "Asynchronous log dispatcher for DefaultDaemonConnection: socket connection from /127.0.0.1:50074 to /127.0.0.1:49716" [_thread_in_vm, id=6776, stack(0x000000003ef60000,0x000000003f060000)]
  0x000000001c38a800 JavaThread "Daemon worker Thread 6" [_thread_in_Java, id=1560, stack(0x000000003ee60000,0x000000003ef60000)]
  0x000000001c390800 JavaThread "Cancel handler" [_thread_blocked, id=3744, stack(0x000000003ed60000,0x000000003ee60000)]
  0x000000001c38c800 JavaThread "Handler for socket connection from /127.0.0.1:50074 to /127.0.0.1:49716" [_thread_in_native, id=9152, stack(0x000000003ec60000,0x000000003ed60000)]
  0x000000001c391000 JavaThread "Daemon Thread 6" [_thread_blocked, id=6080, stack(0x000000003eb60000,0x000000003ec60000)]
  0x000000001d4d3800 JavaThread "pool-57-thread-1" [_thread_blocked, id=7996, stack(0x000000003cd60000,0x000000003ce60000)]
  0x000000001c38f000 JavaThread "RMI Reaper" [_thread_blocked, id=9856, stack(0x0000000025860000,0x0000000025960000)]
  0x000000001c38b000 JavaThread "RMI TCP Accept-0" daemon [_thread_in_native, id=1756, stack(0x0000000025760000,0x0000000025860000)]
  0x000000001c38e000 JavaThread "GC Daemon" daemon [_thread_blocked, id=8364, stack(0x0000000025660000,0x0000000025760000)]
  0x000000001c38c000 JavaThread "RMI Scheduler(0)" daemon [_thread_blocked, id=9656, stack(0x0000000025460000,0x0000000025560000)]
  0x000000001bc56800 JavaThread "Memory manager" [_thread_blocked, id=9500, stack(0x0000000021ca0000,0x0000000021da0000)]
  0x000000001bc57800 JavaThread "pool-1-thread-1" [_thread_blocked, id=9908, stack(0x00000000219a0000,0x0000000021aa0000)]
  0x000000001952d800 JavaThread "File lock request listener" [_thread_in_native, id=2616, stack(0x000000001c110000,0x000000001c210000)]
  0x0000000019c47000 JavaThread "Cache worker for file hash cache (C:\Users\Sumit Lakra\.gradle\caches\4.4\fileHashes)" [_thread_blocked, id=2528, stack(0x000000001c010000,0x000000001c110000)]
  0x00000000196ce000 JavaThread "Daemon periodic checks" [_thread_blocked, id=10208, stack(0x000000001a540000,0x000000001a640000)]
  0x00000000196cd800 JavaThread "Incoming local TCP Connector on port 50074" [_thread_in_native, id=9320, stack(0x000000001a300000,0x000000001a400000)]
  0x000000001670d000 JavaThread "Service Thread" daemon [_thread_blocked, id=8140, stack(0x00000000183f0000,0x00000000184f0000)]
  0x00000000166b4800 JavaThread "C1 CompilerThread2" daemon [_thread_blocked, id=2716, stack(0x0000000017ef0000,0x0000000017ff0000)]
=>0x00000000166b1000 JavaThread "C2 CompilerThread1" daemon [_thread_in_native, id=10068, stack(0x0000000017df0000,0x0000000017ef0000)]
  0x00000000166b8800 JavaThread "C2 CompilerThread0" daemon [_thread_in_native, id=7240, stack(0x0000000017cf0000,0x0000000017df0000)]
  0x00000000166b7800 JavaThread "Attach Listener" daemon [_thread_blocked, id=6320, stack(0x0000000017bf0000,0x0000000017cf0000)]
  0x00000000166b6800 JavaThread "Signal Dispatcher" daemon [_thread_blocked, id=10884, stack(0x0000000017af0000,0x0000000017bf0000)]
  0x0000000002d3c800 JavaThread "Finalizer" daemon [_thread_blocked, id=8580, stack(0x0000000017900000,0x0000000017a00000)]
  0x0000000002d31800 JavaThread "Reference Handler" daemon [_thread_blocked, id=10220, stack(0x0000000017800000,0x0000000017900000)]
  0x0000000002b3e800 JavaThread "main" [_thread_blocked, id=1516, stack(0x0000000002b40000,0x0000000002c40000)]

Other Threads:
  0x0000000016675000 VMThread [stack: 0x0000000017700000,0x0000000017800000] [id=8068]
  0x0000000018010800 WatcherThread [stack: 0x00000000184f0000,0x00000000185f0000] [id=10252]

VM state:not at safepoint (normal execution)

VM Mutex/Monitor currently owned by a thread: None

Heap:
 PSYoungGen      total 152576K, used 75970K [0x00000000e0000000, 0x00000000eae80000, 0x0000000100000000)
  eden space 126464K, 39% used [0x00000000e0000000,0x00000000e30b4a80,0x00000000e7b80000)
  from space 26112K, 99% used [0x00000000e9500000,0x00000000eae7c020,0x00000000eae80000)
  to   space 14336K, 0% used [0x00000000e7f00000,0x00000000e7f00000,0x00000000e8d00000)
 ParOldGen       total 140800K, used 29896K [0x00000000a0000000, 0x00000000a8980000, 0x00000000e0000000)
  object space 140800K, 21% used [0x00000000a0000000,0x00000000a1d32188,0x00000000a8980000)
 Metaspace       used 87538K, capacity 91087K, committed 92760K, reserved 1130496K
  class space    used 11312K, capacity 12016K, committed 12416K, reserved 1048576K

Card table byte_map: [0x0000000012100000,0x0000000012410000] byte_map_base: 0x0000000011c00000

Marking Bits: (ParMarkBitMap*) 0x000000005e454970
 Begin Bits: [0x0000000012a10000, 0x0000000014210000)
 End Bits:   [0x0000000014210000, 0x0000000015a10000)

Polling page: 0x0000000000d10000

CodeCache: size=245760Kb used=49304Kb max_used=49318Kb free=196455Kb
 bounds [0x0000000002d40000, 0x0000000005db0000, 0x0000000011d40000]
 total_blobs=15796 nmethods=14925 adapters=781
 compilation: enabled

Compilation events (10 events):
Event: 4063.626 Thread 0x00000000166b4800 nmethod 18268 0x00000000043ebbd0 code [0x00000000043ebd20, 0x00000000043ebe10]
Event: 4063.626 Thread 0x00000000166b4800 18269       1       java.net.URI::access$2900 (4 bytes)
Event: 4063.626 Thread 0x00000000166b4800 nmethod 18269 0x0000000005694c90 code [0x0000000005694de0, 0x0000000005694ed0]
Event: 4063.626 Thread 0x00000000166b4800 18270       3       org.gradle.internal.component.model.AbstractDependencyMetadata::selectConfigurationUsingAttributeMatching (127 bytes)
Event: 4063.626 Thread 0x00000000166b8800 18271       4       org.gradle.internal.resolve.result.DefaultBuildableComponentResolveResult::hasResult (20 bytes)
Event: 4063.627 Thread 0x00000000166b8800 nmethod 18271 0x0000000003569750 code [0x0000000003569880, 0x0000000003569918]
Event: 4063.627 Thread 0x00000000166b4800 nmethod 18270 0x0000000005d9c910 code [0x0000000005d9cb60, 0x0000000005d9d7a8]
Event: 4063.628 Thread 0x00000000166b8800 18272       4       org.gradle.api.internal.artifacts.ivyservice.ivyresolve.ErrorHandlingModuleComponentRepository$ErrorHandlingModuleComponentRepositoryAccess::estimateMetadataFetchingCost (11 bytes)
Event: 4063.629 Thread 0x00000000166b4800 18275       3       org.gradle.api.internal.artifacts.ivyservice.resolveengine.LatestModuleConflictResolver::select (580 bytes)
Event: 4063.634 Thread 0x00000000166b4800 nmethod 18275 0x0000000005d9dd50 code [0x0000000005d9e560, 0x0000000005da4408]

GC Heap History (10 events):
Event: 1943.305 GC heap before
{Heap before GC invocations=28 (full 3):
 PSYoungGen      total 157696K, used 152901K [0x00000000e0000000, 0x00000000eb780000, 0x0000000100000000)
  eden space 133632K, 100% used [0x00000000e0000000,0x00000000e8280000,0x00000000e8280000)
  from space 24064K, 80% used [0x00000000ea000000,0x00000000eb2d1448,0x00000000eb780000)
  to   space 27136K, 0% used [0x00000000e8280000,0x00000000e8280000,0x00000000e9d00000)
 ParOldGen       total 140800K, used 33015K [0x00000000a0000000, 0x00000000a8980000, 0x00000000e0000000)
  object space 140800K, 23% used [0x00000000a0000000,0x00000000a203dea0,0x00000000a8980000)
 Metaspace       used 82970K, capacity 87207K, committed 87384K, reserved 1124352K
  class space    used 10820K, capacity 11605K, committed 11648K, reserved 1048576K
Event: 1943.328 GC heap after
Heap after GC invocations=28 (full 3):
 PSYoungGen      total 149504K, used 19425K [0x00000000e0000000, 0x00000000eb400000, 0x0000000100000000)
  eden space 130048K, 0% used [0x00000000e0000000,0x00000000e0000000,0x00000000e7f00000)
  from space 19456K, 99% used [0x00000000e8280000,0x00000000e9578408,0x00000000e9580000)
  to   space 27136K, 0% used [0x00000000e9980000,0x00000000e9980000,0x00000000eb400000)
 ParOldGen       total 140800K, used 33023K [0x00000000a0000000, 0x00000000a8980000, 0x00000000e0000000)
  object space 140800K, 23% used [0x00000000a0000000,0x00000000a203fea0,0x00000000a8980000)
 Metaspace       used 82970K, capacity 87207K, committed 87384K, reserved 1124352K
  class space    used 10820K, capacity 11605K, committed 11648K, reserved 1048576K
}
Event: 3631.597 GC heap before
{Heap before GC invocations=29 (full 3):
 PSYoungGen      total 149504K, used 63417K [0x00000000e0000000, 0x00000000eb400000, 0x0000000100000000)
  eden space 130048K, 33% used [0x00000000e0000000,0x00000000e2af6370,0x00000000e7f00000)
  from space 19456K, 99% used [0x00000000e8280000,0x00000000e9578408,0x00000000e9580000)
  to   space 27136K, 0% used [0x00000000e9980000,0x00000000e9980000,0x00000000eb400000)
 ParOldGen       total 140800K, used 33023K [0x00000000a0000000, 0x00000000a8980000, 0x00000000e0000000)
  object space 140800K, 23% used [0x00000000a0000000,0x00000000a203fea0,0x00000000a8980000)
 Metaspace       used 85500K, capacity 89783K, committed 89944K, reserved 1128448K
  class space    used 11064K, capacity 11865K, committed 11904K, reserved 1048576K
Event: 3631.668 GC heap after
Heap after GC invocations=29 (full 3):
 PSYoungGen      total 156160K, used 17297K [0x00000000e0000000, 0x00000000eb300000, 0x0000000100000000)
  eden space 130048K, 0% used [0x00000000e0000000,0x00000000e0000000,0x00000000e7f00000)
  from space 26112K, 66% used [0x00000000e9980000,0x00000000eaa64678,0x00000000eb300000)
  to   space 26624K, 0% used [0x00000000e7f00000,0x00000000e7f00000,0x00000000e9900000)
 ParOldGen       total 140800K, used 33031K [0x00000000a0000000, 0x00000000a8980000, 0x00000000e0000000)
  object space 140800K, 23% used [0x00000000a0000000,0x00000000a2041ea0,0x00000000a8980000)
 Metaspace       used 85500K, capacity 89783K, committed 89944K, reserved 1128448K
  class space    used 11064K, capacity 11865K, committed 11904K, reserved 1048576K
}
Event: 3631.668 GC heap before
{Heap before GC invocations=30 (full 4):
 PSYoungGen      total 156160K, used 17297K [0x00000000e0000000, 0x00000000eb300000, 0x0000000100000000)
  eden space 130048K, 0% used [0x00000000e0000000,0x00000000e0000000,0x00000000e7f00000)
  from space 26112K, 66% used [0x00000000e9980000,0x00000000eaa64678,0x00000000eb300000)
  to   space 26624K, 0% used [0x00000000e7f00000,0x00000000e7f00000,0x00000000e9900000)
 ParOldGen       total 140800K, used 33031K [0x00000000a0000000, 0x00000000a8980000, 0x00000000e0000000)
  object space 140800K, 23% used [0x00000000a0000000,0x00000000a2041ea0,0x00000000a8980000)
 Metaspace       used 85500K, capacity 89783K, committed 89944K, reserved 1128448K
  class space    used 11064K, capacity 11865K, committed 11904K, reserved 1048576K
Event: 3631.975 GC heap after
Heap after GC invocations=30 (full 4):
 PSYoungGen      total 156160K, used 0K [0x00000000e0000000, 0x00000000eb300000, 0x0000000100000000)
  eden space 130048K, 0% used [0x00000000e0000000,0x00000000e0000000,0x00000000e7f00000)
  from space 26112K, 0% used [0x00000000e9980000,0x00000000e9980000,0x00000000eb300000)
  to   space 26624K, 0% used [0x00000000e7f00000,0x00000000e7f00000,0x00000000e9900000)
 ParOldGen       total 140800K, used 28800K [0x00000000a0000000, 0x00000000a8980000, 0x00000000e0000000)
  object space 140800K, 20% used [0x00000000a0000000,0x00000000a1c20070,0x00000000a8980000)
 Metaspace       used 83636K, capacity 86377K, committed 89944K, reserved 1128448K
  class space    used 10694K, capacity 11242K, committed 11904K, reserved 1048576K
}
Event: 4060.049 GC heap before
{Heap before GC invocations=31 (full 4):
 PSYoungGen      total 156160K, used 130048K [0x00000000e0000000, 0x00000000eb300000, 0x0000000100000000)
  eden space 130048K, 100% used [0x00000000e0000000,0x00000000e7f00000,0x00000000e7f00000)
  from space 26112K, 0% used [0x00000000e9980000,0x00000000e9980000,0x00000000eb300000)
  to   space 26624K, 0% used [0x00000000e7f00000,0x00000000e7f00000,0x00000000e9900000)
 ParOldGen       total 140800K, used 28802K [0x00000000a0000000, 0x00000000a8980000, 0x00000000e0000000)
  object space 140800K, 20% used [0x00000000a0000000,0x00000000a1c208a8,0x00000000a8980000)
 Metaspace       used 86364K, capacity 89685K, committed 92120K, reserved 1128448K
  class space    used 11126K, capacity 11776K, committed 12288K, reserved 1048576K
Event: 4060.080 GC heap after
Heap after GC invocations=31 (full 4):
 PSYoungGen      total 140800K, used 13982K [0x00000000e0000000, 0x00000000eae80000, 0x0000000100000000)
  eden space 126464K, 0% used [0x00000000e0000000,0x00000000e0000000,0x00000000e7b80000)
  from space 14336K, 97% used [0x00000000e7f00000,0x00000000e8ca79a8,0x00000000e8d00000)
  to   space 26112K, 0% used [0x00000000e9500000,0x00000000e9500000,0x00000000eae80000)
 ParOldGen       total 140800K, used 28810K [0x00000000a0000000, 0x00000000a8980000, 0x00000000e0000000)
  object space 140800K, 20% used [0x00000000a0000000,0x00000000a1c228a8,0x00000000a8980000)
 Metaspace       used 86364K, capacity 89685K, committed 92120K, reserved 1128448K
  class space    used 11126K, capacity 11776K, committed 12288K, reserved 1048576K
}
Event: 4061.686 GC heap before
{Heap before GC invocations=32 (full 4):
 PSYoungGen      total 140800K, used 140446K [0x00000000e0000000, 0x00000000eae80000, 0x0000000100000000)
  eden space 126464K, 100% used [0x00000000e0000000,0x00000000e7b80000,0x00000000e7b80000)
  from space 14336K, 97% used [0x00000000e7f00000,0x00000000e8ca79a8,0x00000000e8d00000)
  to   space 26112K, 0% used [0x00000000e9500000,0x00000000e9500000,0x00000000eae80000)
 ParOldGen       total 140800K, used 28810K [0x00000000a0000000, 0x00000000a8980000, 0x00000000e0000000)
  object space 140800K, 20% used [0x00000000a0000000,0x00000000a1c228a8,0x00000000a8980000)
 Metaspace       used 87075K, capacity 90415K, committed 92376K, reserved 1130496K
  class space    used 11246K, capacity 11906K, committed 12288K, reserved 1048576K
Event: 4061.778 GC heap after
Heap after GC invocations=32 (full 4):
 PSYoungGen      total 152576K, used 26096K [0x00000000e0000000, 0x00000000eae80000, 0x0000000100000000)
  eden space 126464K, 0% used [0x00000000e0000000,0x00000000e0000000,0x00000000e7b80000)
  from space 26112K, 99% used [0x00000000e9500000,0x00000000eae7c020,0x00000000eae80000)
  to   space 14336K, 0% used [0x00000000e7f00000,0x00000000e7f00000,0x00000000e8d00000)
 ParOldGen       total 140800K, used 29896K [0x00000000a0000000, 0x00000000a8980000, 0x00000000e0000000)
  object space 140800K, 21% used [0x00000000a0000000,0x00000000a1d32188,0x00000000a8980000)
 Metaspace       used 87075K, capacity 90415K, committed 92376K, reserved 1130496K
  class space    used 11246K, capacity 11906K, committed 12288K, reserved 1048576K
}

Deoptimization events (10 events):
Event: 4061.586 Thread 0x000000001c38a800 Uncommon trap: reason=unstable_if action=reinterpret pc=0x0000000003124a34 method=java.lang.ref.SoftReference.get()Ljava/lang/Object; @ 6
Event: 4061.787 Thread 0x000000001c38a800 Uncommon trap: reason=unstable_if action=reinterpret pc=0x00000000054739ac method=kotlin.reflect.jvm.internal.ReflectProperties$LazyVal.invoke()Ljava/lang/Object; @ 6
Event: 4061.787 Thread 0x000000001c38a800 Uncommon trap: reason=unstable_if action=reinterpret pc=0x000000000430b840 method=kotlin.reflect.jvm.internal.ReflectProperties$LazyVal.invoke()Ljava/lang/Object; @ 6
Event: 4062.457 Thread 0x000000001c38a800 Uncommon trap: reason=unstable_if action=reinterpret pc=0x00000000050af140 method=java.io.ExpiringCache$1.removeEldestEntry(Ljava/util/Map$Entry;)Z @ 11
Event: 4062.458 Thread 0x000000001c38a800 Uncommon trap: reason=unstable_if action=reinterpret pc=0x00000000037c3d9c method=java.util.LinkedHashMap.afterNodeInsertion(Z)V @ 18
Event: 4062.563 Thread 0x00000000187fa000 Uncommon trap: reason=class_check action=maybe_recompile pc=0x000000000447a004 method=com.google.common.cache.LocalCache$Segment.storeLoadedValue(Ljava/lang/Object;ILcom/google/common/cache/LocalCache$LoadingValueReference;Ljava/lang/Object;)Z @ 286
Event: 4062.806 Thread 0x000000001c38a800 Uncommon trap: reason=bimorphic action=maybe_recompile pc=0x000000000570c9cc method=java.util.stream.ReferencePipeline.collect(Ljava/util/stream/Collector;)Ljava/lang/Object; @ 118
Event: 4063.284 Thread 0x000000001c38a800 Uncommon trap: reason=bimorphic action=maybe_recompile pc=0x000000000570c9cc method=java.util.stream.ReferencePipeline.collect(Ljava/util/stream/Collector;)Ljava/lang/Object; @ 118
Event: 4063.421 Thread 0x000000001c38a800 Uncommon trap: reason=bimorphic action=maybe_recompile pc=0x000000000570c9cc method=java.util.stream.ReferencePipeline.collect(Ljava/util/stream/Collector;)Ljava/lang/Object; @ 118
Event: 4063.621 Thread 0x000000001c38a800 Uncommon trap: reason=bimorphic action=maybe_recompile pc=0x000000000570c9cc method=java.util.stream.ReferencePipeline.collect(Ljava/util/stream/Collector;)Ljava/lang/Object; @ 118

Classes redefined (0 events):
No events

Internal exceptions (10 events):
Event: 4060.958 Thread 0x000000001c38a800 Exception <a 'java/lang/ClassNotFoundException': org/gradle/api/internal/artifacts/configurations/DefaultConfiguration_DecoratedCustomizer> (0x00000000e6200b60) thrown at [D:\src\AOSP-openjdk-cygwin\jdk8u\hotspot\src\share\vm\classfile\systemDictionary.cp
Event: 4060.963 Thread 0x000000001c38a800 Exception <a 'java/lang/ClassNotFoundException': org/gradle/api/internal/artifacts/DefaultPublishArtifactSetBeanInfo> (0x00000000e62e58e8) thrown at [D:\src\AOSP-openjdk-cygwin\jdk8u\hotspot\src\share\vm\classfile\systemDictionary.cpp, line 210]
Event: 4060.963 Thread 0x000000001c38a800 Exception <a 'java/lang/ClassNotFoundException': org/gradle/api/internal/DelegatingDomainObjectSetBeanInfo> (0x00000000e62f9a18) thrown at [D:\src\AOSP-openjdk-cygwin\jdk8u\hotspot\src\share\vm\classfile\systemDictionary.cpp, line 210]
Event: 4060.963 Thread 0x000000001c38a800 Exception <a 'java/lang/ClassNotFoundException': org/gradle/api/internal/DelegatingDomainObjectSetCustomizer> (0x00000000e630e820) thrown at [D:\src\AOSP-openjdk-cygwin\jdk8u\hotspot\src\share\vm\classfile\systemDictionary.cpp, line 210]
Event: 4060.966 Thread 0x000000001c38a800 Exception <a 'java/lang/ClassNotFoundException': org/gradle/api/internal/artifacts/DefaultPublishArtifactSetCustomizer> (0x00000000e6359268) thrown at [D:\src\AOSP-openjdk-cygwin\jdk8u\hotspot\src\share\vm\classfile\systemDictionary.cpp, line 210]
Event: 4060.969 Thread 0x000000001c38a800 Exception <a 'java/lang/ClassNotFoundException': org/gradle/api/internal/file/DefaultFileCollectionFactory$1BeanInfo> (0x00000000e63960c8) thrown at [D:\src\AOSP-openjdk-cygwin\jdk8u\hotspot\src\share\vm\classfile\systemDictionary.cpp, line 210]
Event: 4060.970 Thread 0x000000001c38a800 Exception <a 'java/lang/ClassNotFoundException': org/gradle/api/internal/file/collections/FileCollectionAdapterBeanInfo> (0x00000000e63ad010) thrown at [D:\src\AOSP-openjdk-cygwin\jdk8u\hotspot\src\share\vm\classfile\systemDictionary.cpp, line 210]
Event: 4060.970 Thread 0x000000001c38a800 Exception <a 'java/lang/ClassNotFoundException': org/gradle/api/internal/file/collections/FileCollectionAdapterCustomizer> (0x00000000e63c47d0) thrown at [D:\src\AOSP-openjdk-cygwin\jdk8u\hotspot\src\share\vm\classfile\systemDictionary.cpp, line 210]
Event: 4060.971 Thread 0x000000001c38a800 Exception <a 'java/lang/ClassNotFoundException': org/gradle/api/internal/file/DefaultFileCollectionFactory$1Customizer> (0x00000000e63e46a0) thrown at [D:\src\AOSP-openjdk-cygwin\jdk8u\hotspot\src\share\vm\classfile\systemDictionary.cpp, line 210]
Event: 4061.787 Thread 0x000000001c38a800 Implicit null exception at 0x0000000005473498 to 0x0000000005473995

Events (10 events):
Event: 4063.421 Thread 0x000000001c38a800 DEOPT UNPACKING pc=0x0000000002d8557b sp=0x000000003ef5c9b0 mode 2
Event: 4063.424 loading class com/android/build/gradle/internal/ide/VariantImpl
Event: 4063.424 loading class com/android/build/gradle/internal/ide/VariantImpl done
Event: 4063.424 loading class com/android/builder/model/Variant
Event: 4063.424 loading class com/android/builder/model/Variant done
Event: 4063.429 loading class com/android/builder/model/ProductFlavor
Event: 4063.429 loading class com/android/builder/model/ProductFlavor done
Event: 4063.621 Thread 0x000000001c38a800 Uncommon trap: trap_request=0xffffffc6 fr.pc=0x000000000570c9cc
Event: 4063.621 Thread 0x000000001c38a800 DEOPT PACKING pc=0x000000000570c9cc sp=0x000000003ef5c9b0
Event: 4063.621 Thread 0x000000001c38a800 DEOPT UNPACKING pc=0x0000000002d8557b sp=0x000000003ef5c960 mode 2


Dynamic libraries:
0x00007ff7806c0000 - 0x00007ff7806f1000 	C:\Program Files\Android\Android Studio\jre\bin\java.exe
0x00007ff8c8320000 - 0x00007ff8c8501000 	C:\WINDOWS\SYSTEM32\ntdll.dll
0x00007ff8c5c70000 - 0x00007ff8c5d22000 	C:\WINDOWS\System32\KERNEL32.DLL
0x00007ff8c4950000 - 0x00007ff8c4bc3000 	C:\WINDOWS\System32\KERNELBASE.dll
0x00007ff8c6240000 - 0x00007ff8c62e1000 	C:\WINDOWS\System32\ADVAPI32.dll
0x00007ff8c5ec0000 - 0x00007ff8c5f5e000 	C:\WINDOWS\System32\msvcrt.dll
0x00007ff8c80c0000 - 0x00007ff8c811b000 	C:\WINDOWS\System32\sechost.dll
0x00007ff8c5d30000 - 0x00007ff8c5e54000 	C:\WINDOWS\System32\RPCRT4.dll
0x00007ff8c6470000 - 0x00007ff8c6600000 	C:\WINDOWS\System32\USER32.dll
0x00007ff8c55a0000 - 0x00007ff8c55c0000 	C:\WINDOWS\System32\win32u.dll
0x00007ff8c82c0000 - 0x00007ff8c82e8000 	C:\WINDOWS\System32\GDI32.dll
0x00007ff8c5380000 - 0x00007ff8c5512000 	C:\WINDOWS\System32\gdi32full.dll
0x00007ff8c4bd0000 - 0x00007ff8c4c6f000 	C:\WINDOWS\System32\msvcp_win.dll
0x00007ff8c46f0000 - 0x00007ff8c47ea000 	C:\WINDOWS\System32\ucrtbase.dll
0x00007ff8b5860000 - 0x00007ff8b5ac9000 	C:\WINDOWS\WinSxS\amd64_microsoft.windows.common-controls_6595b64144ccf1df_6.0.17134.345_none_fb429a5930656358\COMCTL32.dll
0x00007ff8c5860000 - 0x00007ff8c5b83000 	C:\WINDOWS\System32\combase.dll
0x00007ff8c5520000 - 0x00007ff8c559a000 	C:\WINDOWS\System32\bcryptPrimitives.dll
0x00007ff8c57b0000 - 0x00007ff8c57dd000 	C:\WINDOWS\System32\IMM32.DLL
0x000000005f710000 - 0x000000005f7e2000 	C:\Program Files\Android\Android Studio\jre\jre\bin\msvcr100.dll
0x000000005dc90000 - 0x000000005e4cf000 	C:\Program Files\Android\Android Studio\jre\jre\bin\server\jvm.dll
0x00007ff8c5c60000 - 0x00007ff8c5c68000 	C:\WINDOWS\System32\PSAPI.DLL
0x00007ff8bb210000 - 0x00007ff8bb21a000 	C:\WINDOWS\SYSTEM32\VERSION.dll
0x00007ff8bb790000 - 0x00007ff8bb7b3000 	C:\WINDOWS\SYSTEM32\WINMM.dll
0x00007ff8bb220000 - 0x00007ff8bb229000 	C:\WINDOWS\SYSTEM32\WSOCK32.dll
0x00007ff8c6400000 - 0x00007ff8c646c000 	C:\WINDOWS\System32\WS2_32.dll
0x00007ff8bb580000 - 0x00007ff8bb5aa000 	C:\WINDOWS\SYSTEM32\winmmbase.dll
0x00007ff8c47f0000 - 0x00007ff8c4839000 	C:\WINDOWS\System32\cfgmgr32.dll
0x00007ff8a3500000 - 0x00007ff8a350f000 	C:\Program Files\Android\Android Studio\jre\jre\bin\verify.dll
0x00007ff8a2330000 - 0x00007ff8a2359000 	C:\Program Files\Android\Android Studio\jre\jre\bin\java.dll
0x00007ff8a2310000 - 0x00007ff8a2326000 	C:\Program Files\Android\Android Studio\jre\jre\bin\zip.dll
0x00007ff8c6600000 - 0x00007ff8c7a3f000 	C:\WINDOWS\System32\SHELL32.dll
0x00007ff8c6350000 - 0x00007ff8c63f9000 	C:\WINDOWS\System32\shcore.dll
0x00007ff8c4c70000 - 0x00007ff8c537d000 	C:\WINDOWS\System32\windows.storage.dll
0x00007ff8c62f0000 - 0x00007ff8c6341000 	C:\WINDOWS\System32\shlwapi.dll
0x00007ff8c4660000 - 0x00007ff8c4671000 	C:\WINDOWS\System32\kernel.appcore.dll
0x00007ff8c4640000 - 0x00007ff8c465f000 	C:\WINDOWS\System32\profapi.dll
0x00007ff8c4680000 - 0x00007ff8c46cc000 	C:\WINDOWS\System32\powrprof.dll
0x00007ff8c4630000 - 0x00007ff8c463a000 	C:\WINDOWS\System32\FLTLIB.DLL
0x00007ff896ca0000 - 0x00007ff896cba000 	C:\Program Files\Android\Android Studio\jre\jre\bin\net.dll
0x00007ff8c3eb0000 - 0x00007ff8c3f16000 	C:\WINDOWS\system32\mswsock.dll
0x00007ff896c80000 - 0x00007ff896c91000 	C:\Program Files\Android\Android Studio\jre\jre\bin\nio.dll
0x00007ff8bbd50000 - 0x00007ff8bbd6e000 	C:\Users\Sumit Lakra\.gradle\native\25\windows-amd64\native-platform.dll
0x00007ff8a3400000 - 0x00007ff8a340d000 	C:\Program Files\Android\Android Studio\jre\jre\bin\management.dll
0x00007ff8c4070000 - 0x00007ff8c4087000 	C:\WINDOWS\SYSTEM32\CRYPTSP.dll
0x00007ff8c3a90000 - 0x00007ff8c3ac3000 	C:\WINDOWS\system32\rsaenh.dll
0x00007ff8c4190000 - 0x00007ff8c41b5000 	C:\WINDOWS\SYSTEM32\bcrypt.dll
0x00007ff8c4560000 - 0x00007ff8c4588000 	C:\WINDOWS\SYSTEM32\USERENV.dll
0x00007ff8c4060000 - 0x00007ff8c406b000 	C:\WINDOWS\SYSTEM32\CRYPTBASE.dll
0x00007ff8c3c30000 - 0x00007ff8c3c68000 	C:\WINDOWS\SYSTEM32\IPHLPAPI.DLL
0x00007ff8c7af0000 - 0x00007ff8c7af8000 	C:\WINDOWS\System32\NSI.dll
0x00007ff8bee70000 - 0x00007ff8bee86000 	C:\WINDOWS\SYSTEM32\dhcpcsvc6.DLL
0x00007ff8bef80000 - 0x00007ff8bef9a000 	C:\WINDOWS\SYSTEM32\dhcpcsvc.DLL
0x00007ff8b20c0000 - 0x00007ff8b20de000 	C:\Users\Sumit Lakra\AppData\Local\Temp\native-platform5773819447508913840dir\native-platform.dll

VM Arguments:
jvm_args: -Xmx1536m -Dfile.encoding=windows-1252 -Duser.country=US -Duser.language=en -Duser.variant 
java_command: org.gradle.launcher.daemon.bootstrap.GradleDaemon 4.4
java_class_path (initial): C:\Users\Sumit Lakra\.gradle\wrapper\dists\gradle-4.4-all\9br9xq1tocpiv8o6njlyu5op1\gradle-4.4\lib\gradle-launcher-4.4.jar
Launcher Type: SUN_STANDARD

Environment Variables:
PATH=C:\Program Files (x86)\Intel\iCLS Client\;C:\Program Files\Intel\iCLS Client\;C:\WINDOWS\system32;C:\WINDOWS;C:\WINDOWS\System32\Wbem;C:\WINDOWS\System32\WindowsPowerShell\v1.0\;C:\Program Files\Intel\WiFi\bin\;C:\Program Files\Common Files\Intel\WirelessCommon\;C:\Program Files (x86)\Intel\Intel(R) Management Engine Components\DAL;C:\Program Files\Intel\Intel(R) Management Engine Components\DAL;C:\Program Files (x86)\Intel\Intel(R) Management Engine Components\IPT;C:\Program Files\Intel\Intel(R) Management Engine Components\IPT;C:\Program Files (x86)\Skype\Phone\;C:\WINDOWS\System32\OpenSSH\;C:\Program Files\Git\cmd;C:\Program Files\Intel\WiFi\bin\;C:\Program Files\Common Files\Intel\WirelessCommon\;%USERPROFILE%\AppData\Local\Microsoft\WindowsApps;
USERNAME=Sumit Lakra
OS=Windows_NT
PROCESSOR_IDENTIFIER=Intel64 Family 6 Model 142 Stepping 9, GenuineIntel



---------------  S Y S T E M  ---------------

OS: Windows 10.0 , 64 bit Build 17134 (10.0.17134.1)

CPU:total 4 (initial active 4) (2 cores per cpu, 2 threads per core) family 6 model 142 stepping 9, cmov, cx8, fxsr, mmx, sse, sse2, sse3, ssse3, sse4.1, sse4.2, popcnt, avx, avx2, aes, clmul, erms, 3dnowpref, lzcnt, ht, tsc, tscinvbit, bmi1, bmi2, adx

Memory: 4k page, physical 8303528k(1776352k free), swap 10258344k(3968k free)

vm_info: OpenJDK 64-Bit Server VM (25.152-b02) for windows-amd64 JRE (1.8.0_152-release-1024-b02), built by "builder" with MS VC++ 10.0 (VS2010)

time: Fri Oct 19 21:44:31 2018
elapsed time: 4063 seconds (0d 1h 7m 43s)

