#
# There is insufficient memory for the Java Runtime Environment to continue.
# Native memory allocation (malloc) failed to allocate 1239536 bytes for Chunk::new
# Possible reasons:
#   The system is out of physical RAM or swap space
#   In 32 bit mode, the process size limit was hit
# Possible solutions:
#   Reduce memory load on the system
#   Increase physical memory or swap space
#   Check if swap backing store is full
#   Use 64 bit Java on a 64 bit OS
#   Decrease Java heap size (-Xmx/-Xms)
#   Decrease number of Java threads
#   Decrease Java thread stack sizes (-Xss)
#   Set larger code cache with -XX:ReservedCodeCacheSize=
# This output file may be truncated or incomplete.
#
#  Out of Memory Error (allocation.cpp:390), pid=12940, tid=0x0000000000000274
#
# JRE version: OpenJDK Runtime Environment (8.0_152-b02) (build 1.8.0_152-release-1024-b02)
# Java VM: OpenJDK 64-Bit Server VM (25.152-b02 mixed mode windows-amd64 compressed oops)
# Failed to write core dump. Minidumps are not enabled by default on client versions of Windows
#

---------------  T H R E A D  ---------------

Current thread (0x000000001654d800):  JavaThread "C2 CompilerThread0" daemon [_thread_in_native, id=628, stack(0x0000000017ba0000,0x0000000017ca0000)]

Stack: [0x0000000017ba0000,0x0000000017ca0000]
[error occurred during error reporting (printing stack bounds), id 0xc0000005]

Native frames: (J=compiled Java code, j=interpreted, Vv=VM code, C=native code)


Current CompileTask:
C2:   4407 1530       4       java.net.URLClassLoader$1::run (5 bytes)


---------------  P R O C E S S  ---------------

Java Threads: ( => current thread )
  0x0000000018053000 JavaThread "RMI RenewClean-[localhost:59804,org.jetbrains.kotlin.daemon.common.LoopbackNetworkInterface$ClientLoopbackSocketFactory@775f9b66]" daemon [_thread_blocked, id=2220, stack(0x0000000019b20000,0x0000000019c20000)]
  0x0000000018057000 JavaThread "RMI TCP Connection(2)-127.0.0.1" daemon [_thread_in_native, id=9092, stack(0x0000000019a20000,0x0000000019b20000)]
  0x000000001805a000 JavaThread "RMI Scheduler(0)" daemon [_thread_blocked, id=8400, stack(0x0000000019920000,0x0000000019a20000)]
  0x0000000018058800 JavaThread "RMI TCP Connection(1)-127.0.0.1" daemon [_thread_in_native, id=12024, stack(0x0000000019820000,0x0000000019920000)]
  0x0000000018058000 JavaThread "DestroyJavaVM" [_thread_blocked, id=7484, stack(0x00000000028f0000,0x00000000029f0000)]
  0x0000000018055800 JavaThread "GC Daemon" daemon [_thread_blocked, id=1820, stack(0x00000000193e0000,0x00000000194e0000)]
  0x0000000018056800 JavaThread "RMI Reaper" [_thread_blocked, id=12952, stack(0x00000000192e0000,0x00000000193e0000)]
  0x0000000018054800 JavaThread "Timer-0" daemon [_thread_blocked, id=12948, stack(0x00000000190e0000,0x00000000191e0000)]
  0x0000000018059800 JavaThread "RMI TCP Accept-17903" daemon [_thread_in_native, id=6540, stack(0x0000000018fe0000,0x00000000190e0000)]
  0x0000000017ed2000 JavaThread "Service Thread" daemon [_thread_blocked, id=6264, stack(0x00000000182a0000,0x00000000183a0000)]
  0x000000001655c000 JavaThread "C1 CompilerThread2" daemon [_thread_blocked, id=13304, stack(0x0000000017da0000,0x0000000017ea0000)]
  0x0000000016552800 JavaThread "C2 CompilerThread1" daemon [_thread_blocked, id=13824, stack(0x0000000017ca0000,0x0000000017da0000)]
=>0x000000001654d800 JavaThread "C2 CompilerThread0" daemon [_thread_in_native, id=628, stack(0x0000000017ba0000,0x0000000017ca0000)]
  0x000000001654c000 JavaThread "Attach Listener" daemon [_thread_blocked, id=1972, stack(0x0000000017aa0000,0x0000000017ba0000)]
  0x000000001654b000 JavaThread "Signal Dispatcher" daemon [_thread_blocked, id=11012, stack(0x00000000179a0000,0x0000000017aa0000)]
  0x0000000016538800 JavaThread "Finalizer" daemon [_thread_blocked, id=10508, stack(0x00000000177b0000,0x00000000178b0000)]
  0x0000000002bd2000 JavaThread "Reference Handler" daemon [_thread_blocked, id=13604, stack(0x00000000176b0000,0x00000000177b0000)]

Other Threads:
  0x0000000016515800 VMThread [stack: 0x00000000175b0000,0x00000000176b0000] [id=7392]
  0x0000000017ed2800 WatcherThread [stack: 0x00000000183a0000,0x00000000184a0000] [id=8576]

VM state:not at safepoint (normal execution)

VM Mutex/Monitor currently owned by a thread: None

Heap:
 PSYoungGen      total 38400K, used 18896K [0x00000000e0000000, 0x00000000e2a80000, 0x0000000100000000)
  eden space 33280K, 56% used [0x00000000e0000000,0x00000000e1274178,0x00000000e2080000)
  from space 5120K, 0% used [0x00000000e2080000,0x00000000e2080000,0x00000000e2580000)
  to   space 5120K, 0% used [0x00000000e2580000,0x00000000e2580000,0x00000000e2a80000)
 ParOldGen       total 69632K, used 10182K [0x00000000a0000000, 0x00000000a4400000, 0x00000000e0000000)
  object space 69632K, 14% used [0x00000000a0000000,0x00000000a09f1998,0x00000000a4400000)
 Metaspace       used 24516K, capacity 24938K, committed 25344K, reserved 1071104K
  class space    used 3123K, capacity 3235K, committed 3328K, reserved 1048576K

Card table byte_map: [0x0000000011fa0000,0x00000000122b0000] byte_map_base: 0x0000000011aa0000

Marking Bits: (ParMarkBitMap*) 0x0000000058044970
 Begin Bits: [0x00000000128b0000, 0x00000000140b0000)
 End Bits:   [0x00000000140b0000, 0x00000000158b0000)

Polling page: 0x00000000029f0000

CodeCache: size=245760Kb used=4886Kb max_used=4886Kb free=240873Kb
 bounds [0x0000000002be0000, 0x00000000030b0000, 0x0000000011be0000]
 total_blobs=2005 nmethods=1571 adapters=347
 compilation: enabled

Compilation events (10 events):
Event: 4.250 Thread 0x000000001655c000 nmethod 1557 0x0000000003098250 code [0x00000000030983c0, 0x00000000030986c8]
Event: 4.260 Thread 0x0000000016552800 nmethod 1553 0x0000000003099bd0 code [0x0000000003099e60, 0x000000000309a698]
Event: 4.280 Thread 0x000000001655c000 1558       3       java.lang.invoke.MethodType::erase (8 bytes)
Event: 4.281 Thread 0x000000001655c000 nmethod 1558 0x0000000003097e50 code [0x0000000003097fa0, 0x0000000003098190]
Event: 4.281 Thread 0x000000001655c000 1560       3       java.lang.invoke.DirectMethodHandle::internalMemberName (8 bytes)
Event: 4.281 Thread 0x000000001655c000 nmethod 1560 0x0000000003097a10 code [0x0000000003097b80, 0x0000000003097db0]
Event: 4.282 Thread 0x000000001655c000 1561       3       java.lang.String::lastIndexOf (151 bytes)
Event: 4.282 Thread 0x000000001655c000 nmethod 1561 0x0000000003096e90 code [0x0000000003097040, 0x0000000003097590]
Event: 4.297 Thread 0x000000001655c000 1562       3       java.lang.invoke.MethodHandleNatives::refKindIsField (32 bytes)
Event: 4.297 Thread 0x000000001655c000 nmethod 1562 0x0000000003096a90 code [0x0000000003096be0, 0x0000000003096d90]

GC Heap History (10 events):
Event: 1.801 GC heap before
{Heap before GC invocations=1 (full 0):
 PSYoungGen      total 38400K, used 13554K [0x00000000e0000000, 0x00000000e2a80000, 0x0000000100000000)
  eden space 33280K, 40% used [0x00000000e0000000,0x00000000e0d3cbf0,0x00000000e2080000)
  from space 5120K, 0% used [0x00000000e2580000,0x00000000e2580000,0x00000000e2a80000)
  to   space 5120K, 0% used [0x00000000e2080000,0x00000000e2080000,0x00000000e2580000)
 ParOldGen       total 87552K, used 0K [0x00000000a0000000, 0x00000000a5580000, 0x00000000e0000000)
  object space 87552K, 0% used [0x00000000a0000000,0x00000000a0000000,0x00000000a5580000)
 Metaspace       used 8883K, capacity 9042K, committed 9216K, reserved 1056768K
  class space    used 951K, capacity 1019K, committed 1024K, reserved 1048576K
Event: 1.805 GC heap after
Heap after GC invocations=1 (full 0):
 PSYoungGen      total 38400K, used 2742K [0x00000000e0000000, 0x00000000e2a80000, 0x0000000100000000)
  eden space 33280K, 0% used [0x00000000e0000000,0x00000000e0000000,0x00000000e2080000)
  from space 5120K, 53% used [0x00000000e2080000,0x00000000e232dbd8,0x00000000e2580000)
  to   space 5120K, 0% used [0x00000000e2580000,0x00000000e2580000,0x00000000e2a80000)
 ParOldGen       total 87552K, used 8K [0x00000000a0000000, 0x00000000a5580000, 0x00000000e0000000)
  object space 87552K, 0% used [0x00000000a0000000,0x00000000a0002000,0x00000000a5580000)
 Metaspace       used 8883K, capacity 9042K, committed 9216K, reserved 1056768K
  class space    used 951K, capacity 1019K, committed 1024K, reserved 1048576K
}
Event: 1.805 GC heap before
{Heap before GC invocations=2 (full 1):
 PSYoungGen      total 38400K, used 2742K [0x00000000e0000000, 0x00000000e2a80000, 0x0000000100000000)
  eden space 33280K, 0% used [0x00000000e0000000,0x00000000e0000000,0x00000000e2080000)
  from space 5120K, 53% used [0x00000000e2080000,0x00000000e232dbd8,0x00000000e2580000)
  to   space 5120K, 0% used [0x00000000e2580000,0x00000000e2580000,0x00000000e2a80000)
 ParOldGen       total 87552K, used 8K [0x00000000a0000000, 0x00000000a5580000, 0x00000000e0000000)
  object space 87552K, 0% used [0x00000000a0000000,0x00000000a0002000,0x00000000a5580000)
 Metaspace       used 8883K, capacity 9042K, committed 9216K, reserved 1056768K
  class space    used 951K, capacity 1019K, committed 1024K, reserved 1048576K
Event: 1.842 GC heap after
Heap after GC invocations=2 (full 1):
 PSYoungGen      total 38400K, used 0K [0x00000000e0000000, 0x00000000e2a80000, 0x0000000100000000)
  eden space 33280K, 0% used [0x00000000e0000000,0x00000000e0000000,0x00000000e2080000)
  from space 5120K, 0% used [0x00000000e2080000,0x00000000e2080000,0x00000000e2580000)
  to   space 5120K, 0% used [0x00000000e2580000,0x00000000e2580000,0x00000000e2a80000)
 ParOldGen       total 87552K, used 2605K [0x00000000a0000000, 0x00000000a5580000, 0x00000000e0000000)
  object space 87552K, 2% used [0x00000000a0000000,0x00000000a028b648,0x00000000a5580000)
 Metaspace       used 8883K, capacity 9042K, committed 9216K, reserved 1056768K
  class space    used 951K, capacity 1019K, committed 1024K, reserved 1048576K
}
Event: 3.174 GC heap before
{Heap before GC invocations=3 (full 1):
 PSYoungGen      total 38400K, used 33280K [0x00000000e0000000, 0x00000000e2a80000, 0x0000000100000000)
  eden space 33280K, 100% used [0x00000000e0000000,0x00000000e2080000,0x00000000e2080000)
  from space 5120K, 0% used [0x00000000e2080000,0x00000000e2080000,0x00000000e2580000)
  to   space 5120K, 0% used [0x00000000e2580000,0x00000000e2580000,0x00000000e2a80000)
 ParOldGen       total 87552K, used 2605K [0x00000000a0000000, 0x00000000a5580000, 0x00000000e0000000)
  object space 87552K, 2% used [0x00000000a0000000,0x00000000a028b648,0x00000000a5580000)
 Metaspace       used 14034K, capacity 14288K, committed 14592K, reserved 1062912K
  class space    used 1625K, capacity 1720K, committed 1792K, reserved 1048576K
Event: 3.181 GC heap after
Heap after GC invocations=3 (full 1):
 PSYoungGen      total 38400K, used 5100K [0x00000000e0000000, 0x00000000e2a80000, 0x0000000100000000)
  eden space 33280K, 0% used [0x00000000e0000000,0x00000000e0000000,0x00000000e2080000)
  from space 5120K, 99% used [0x00000000e2580000,0x00000000e2a7b168,0x00000000e2a80000)
  to   space 5120K, 0% used [0x00000000e2080000,0x00000000e2080000,0x00000000e2580000)
 ParOldGen       total 87552K, used 4780K [0x00000000a0000000, 0x00000000a5580000, 0x00000000e0000000)
  object space 87552K, 5% used [0x00000000a0000000,0x00000000a04ab3f0,0x00000000a5580000)
 Metaspace       used 14034K, capacity 14288K, committed 14592K, reserved 1062912K
  class space    used 1625K, capacity 1720K, committed 1792K, reserved 1048576K
}
Event: 3.866 GC heap before
{Heap before GC invocations=4 (full 1):
 PSYoungGen      total 38400K, used 34741K [0x00000000e0000000, 0x00000000e2a80000, 0x0000000100000000)
  eden space 33280K, 89% used [0x00000000e0000000,0x00000000e1cf2300,0x00000000e2080000)
  from space 5120K, 99% used [0x00000000e2580000,0x00000000e2a7b168,0x00000000e2a80000)
  to   space 5120K, 0% used [0x00000000e2080000,0x00000000e2080000,0x00000000e2580000)
 ParOldGen       total 87552K, used 4780K [0x00000000a0000000, 0x00000000a5580000, 0x00000000e0000000)
  object space 87552K, 5% used [0x00000000a0000000,0x00000000a04ab3f0,0x00000000a5580000)
 Metaspace       used 20699K, capacity 20998K, committed 21296K, reserved 1069056K
  class space    used 2484K, capacity 2585K, committed 2688K, reserved 1048576K
Event: 3.876 GC heap after
Heap after GC invocations=4 (full 1):
 PSYoungGen      total 38400K, used 5108K [0x00000000e0000000, 0x00000000e2a80000, 0x0000000100000000)
  eden space 33280K, 0% used [0x00000000e0000000,0x00000000e0000000,0x00000000e2080000)
  from space 5120K, 99% used [0x00000000e2080000,0x00000000e257d330,0x00000000e2580000)
  to   space 5120K, 0% used [0x00000000e2580000,0x00000000e2580000,0x00000000e2a80000)
 ParOldGen       total 87552K, used 8879K [0x00000000a0000000, 0x00000000a5580000, 0x00000000e0000000)
  object space 87552K, 10% used [0x00000000a0000000,0x00000000a08abdd8,0x00000000a5580000)
 Metaspace       used 20699K, capacity 20998K, committed 21296K, reserved 1069056K
  class space    used 2484K, capacity 2585K, committed 2688K, reserved 1048576K
}
Event: 3.876 GC heap before
{Heap before GC invocations=5 (full 2):
 PSYoungGen      total 38400K, used 5108K [0x00000000e0000000, 0x00000000e2a80000, 0x0000000100000000)
  eden space 33280K, 0% used [0x00000000e0000000,0x00000000e0000000,0x00000000e2080000)
  from space 5120K, 99% used [0x00000000e2080000,0x00000000e257d330,0x00000000e2580000)
  to   space 5120K, 0% used [0x00000000e2580000,0x00000000e2580000,0x00000000e2a80000)
 ParOldGen       total 87552K, used 8879K [0x00000000a0000000, 0x00000000a5580000, 0x00000000e0000000)
  object space 87552K, 10% used [0x00000000a0000000,0x00000000a08abdd8,0x00000000a5580000)
 Metaspace       used 20699K, capacity 20998K, committed 21296K, reserved 1069056K
  class space    used 2484K, capacity 2585K, committed 2688K, reserved 1048576K
Event: 3.909 GC heap after
Heap after GC invocations=5 (full 2):
 PSYoungGen      total 38400K, used 0K [0x00000000e0000000, 0x00000000e2a80000, 0x0000000100000000)
  eden space 33280K, 0% used [0x00000000e0000000,0x00000000e0000000,0x00000000e2080000)
  from space 5120K, 0% used [0x00000000e2080000,0x00000000e2080000,0x00000000e2580000)
  to   space 5120K, 0% used [0x00000000e2580000,0x00000000e2580000,0x00000000e2a80000)
 ParOldGen       total 69632K, used 10182K [0x00000000a0000000, 0x00000000a4400000, 0x00000000e0000000)
  object space 69632K, 14% used [0x00000000a0000000,0x00000000a09f1998,0x00000000a4400000)
 Metaspace       used 20699K, capacity 20998K, committed 21296K, reserved 1069056K
  class space    used 2484K, capacity 2585K, committed 2688K, reserved 1048576K
}

Deoptimization events (10 events):
Event: 3.024 Thread 0x0000000018057000 Uncommon trap: reason=class_check action=maybe_recompile pc=0x0000000002ea7a74 method=kotlin.reflect.jvm.internal.impl.protobuf.CodedInputStream.tryRefillBuffer(I)Z @ 175
Event: 3.025 Thread 0x0000000018057000 Uncommon trap: reason=unstable_if action=reinterpret pc=0x0000000002ecf854 method=kotlin.reflect.jvm.internal.impl.protobuf.CodedInputStream.readRawVarint32()I @ 69
Event: 3.026 Thread 0x0000000018057000 Uncommon trap: reason=unstable_if action=reinterpret pc=0x0000000002e9b900 method=kotlin.reflect.jvm.internal.impl.protobuf.CodedInputStream.readRawVarint32()I @ 69
Event: 3.027 Thread 0x0000000018057000 Uncommon trap: reason=class_check action=maybe_recompile pc=0x0000000002ea7a74 method=kotlin.reflect.jvm.internal.impl.protobuf.CodedInputStream.tryRefillBuffer(I)Z @ 175
Event: 3.205 Thread 0x0000000018057000 Uncommon trap: reason=class_check action=maybe_recompile pc=0x0000000002f89bac method=java.util.HashMap.putVal(ILjava/lang/Object;Ljava/lang/Object;ZZ)Ljava/lang/Object; @ 203
Event: 3.216 Thread 0x0000000018057000 Uncommon trap: reason=class_check action=maybe_recompile pc=0x0000000002f89bac method=java.util.HashMap.putVal(ILjava/lang/Object;Ljava/lang/Object;ZZ)Ljava/lang/Object; @ 203
Event: 3.580 Thread 0x0000000018057000 Uncommon trap: reason=unstable_if action=reinterpret pc=0x0000000002d964cc method=java.lang.String.replace(CC)Ljava/lang/String; @ 2
Event: 3.839 Thread 0x0000000018057000 Uncommon trap: reason=class_check action=maybe_recompile pc=0x0000000002e223c0 method=java.io.FilterInputStream.read([B)I @ 5
Event: 3.845 Thread 0x0000000018057000 Uncommon trap: reason=class_check action=maybe_recompile pc=0x0000000002e223c0 method=java.io.FilterInputStream.read([B)I @ 5
Event: 3.954 Thread 0x0000000018057000 Uncommon trap: reason=range_check action=make_not_entrant pc=0x0000000002f811e0 method=sun.reflect.generics.parser.SignatureParser.current()C @ 34

Classes redefined (0 events):
No events

Internal exceptions (10 events):
Event: 2.496 Thread 0x0000000018057000 Exception <a 'java/lang/NoSuchMethodError': <clinit>> (0x00000000e045c7f0) thrown at [D:\src\AOSP-openjdk-cygwin\jdk8u\hotspot\src\share\vm\prims\jni.cpp, line 1613]
Event: 2.497 Thread 0x0000000018057000 Exception <a 'java/lang/NoSuchMethodError': <clinit>> (0x00000000e0467120) thrown at [D:\src\AOSP-openjdk-cygwin\jdk8u\hotspot\src\share\vm\prims\jni.cpp, line 1613]
Event: 2.513 Thread 0x0000000018057000 Exception <a 'java/lang/NoSuchMethodError': <clinit>> (0x00000000e04921a0) thrown at [D:\src\AOSP-openjdk-cygwin\jdk8u\hotspot\src\share\vm\prims\jni.cpp, line 1613]
Event: 2.619 Thread 0x0000000018057000 Exception <a 'java/lang/NoSuchMethodError': <clinit>> (0x00000000e05bda30) thrown at [D:\src\AOSP-openjdk-cygwin\jdk8u\hotspot\src\share\vm\prims\jni.cpp, line 1613]
Event: 2.626 Thread 0x0000000018053000 Exception <a 'java/lang/InterruptedException'> (0x00000000e05d95e8) thrown at [D:\src\AOSP-openjdk-cygwin\jdk8u\hotspot\src\share\vm\runtime\objectMonitor.cpp, line 1684]
Event: 3.065 Thread 0x0000000018057000 Exception <a 'java/lang/ArrayIndexOutOfBoundsException'> (0x00000000e1a0db68) thrown at [D:\src\AOSP-openjdk-cygwin\jdk8u\hotspot\src\share\vm\runtime\sharedRuntime.cpp, line 605]
Event: 3.756 Thread 0x0000000018057000 Exception <a 'java/lang/NoSuchMethodError': java.lang.Object.lambda$comparing$77a9974f$1(Ljava/util/function/Function;Ljava/lang/Object;Ljava/lang/Object;)I> (0x00000000e1749720) thrown at [D:\src\AOSP-openjdk-cygwin\jdk8u\hotspot\src\share\vm\interpreter
Event: 3.954 Thread 0x0000000018057000 Exception <a 'java/lang/ArrayIndexOutOfBoundsException': 60> (0x00000000e017d960) thrown at [D:\src\AOSP-openjdk-cygwin\jdk8u\hotspot\src\share\vm\interpreter\interpreterRuntime.cpp, line 366]
Event: 4.086 Thread 0x0000000018057000 Exception <a 'java/lang/NoSuchMethodError': java.lang.Object.lambda$static$0(I)[Lorg/jetbrains/kotlin/com/intellij/openapi/editor/event/DocumentListener;> (0x00000000e0994878) thrown at [D:\src\AOSP-openjdk-cygwin\jdk8u\hotspot\src\share\vm\interpreter\li
Event: 4.107 Thread 0x0000000018057000 Exception <a 'java/lang/NoSuchMethodError': java.lang.Object.lambda$static$0(I)[Lorg/jetbrains/kotlin/com/intellij/psi/PsiAnnotation;> (0x00000000e0b7ea50) thrown at [D:\src\AOSP-openjdk-cygwin\jdk8u\hotspot\src\share\vm\interpreter\linkResolver.cpp, line

Events (10 events):
Event: 4.298 loading class org/jetbrains/kotlin/com/intellij/psi/impl/source/AstPathPsiMap$MyReferenceQueue
Event: 4.298 loading class org/jetbrains/kotlin/com/intellij/psi/impl/source/AstPathPsiMap$MyReferenceQueue done
Event: 4.299 loading class org/jetbrains/kotlin/com/intellij/psi/impl/source/AstPathPsiMap$MyReferenceQueue
Event: 4.299 loading class org/jetbrains/kotlin/com/intellij/psi/impl/source/AstPathPsiMap$MyReferenceQueue done
Event: 4.299 loading class org/jetbrains/kotlin/com/intellij/psi/util/PsiUtilCore
Event: 4.299 loading class org/jetbrains/kotlin/com/intellij/psi/util/PsiUtilCore done
Event: 4.300 loading class org/jetbrains/kotlin/com/intellij/psi/util/PsiUtilCore$NullPsiElement
Event: 4.300 loading class org/jetbrains/kotlin/com/intellij/psi/util/PsiUtilCore$NullPsiElement done
Event: 4.301 loading class org/jetbrains/kotlin/com/intellij/psi/util/PsiUtilCore$NullPsiFile
Event: 4.301 loading class org/jetbrains/kotlin/com/intellij/psi/util/PsiUtilCore$NullPsiFile done


Dynamic libraries:
0x00007ff64e3e0000 - 0x00007ff64e411000 	C:\Program Files\Android\Android Studio\jre\jre\bin\java.exe
0x00007ffd75980000 - 0x00007ffd75b61000 	C:\WINDOWS\SYSTEM32\ntdll.dll
0x00007ffd74e50000 - 0x00007ffd74f02000 	C:\WINDOWS\System32\KERNEL32.DLL
0x00007ffd728d0000 - 0x00007ffd72b43000 	C:\WINDOWS\System32\KERNELBASE.dll
0x00007ffd734d0000 - 0x00007ffd73571000 	C:\WINDOWS\System32\ADVAPI32.dll
0x00007ffd755d0000 - 0x00007ffd7566e000 	C:\WINDOWS\System32\msvcrt.dll
0x00007ffd75730000 - 0x00007ffd7578b000 	C:\WINDOWS\System32\sechost.dll
0x00007ffd72e10000 - 0x00007ffd72f34000 	C:\WINDOWS\System32\RPCRT4.dll
0x00007ffd75790000 - 0x00007ffd75920000 	C:\WINDOWS\System32\USER32.dll
0x00007ffd72660000 - 0x00007ffd72680000 	C:\WINDOWS\System32\win32u.dll
0x00007ffd75920000 - 0x00007ffd75948000 	C:\WINDOWS\System32\GDI32.dll
0x00007ffd72b50000 - 0x00007ffd72ce2000 	C:\WINDOWS\System32\gdi32full.dll
0x00007ffd72cf0000 - 0x00007ffd72d8f000 	C:\WINDOWS\System32\msvcp_win.dll
0x00007ffd72560000 - 0x00007ffd7265a000 	C:\WINDOWS\System32\ucrtbase.dll
0x00007ffd641c0000 - 0x00007ffd64429000 	C:\WINDOWS\WinSxS\amd64_microsoft.windows.common-controls_6595b64144ccf1df_6.0.17134.285_none_fb4297e330656775\COMCTL32.dll
0x00007ffd73170000 - 0x00007ffd73493000 	C:\WINDOWS\System32\combase.dll
0x00007ffd72d90000 - 0x00007ffd72e0a000 	C:\WINDOWS\System32\bcryptPrimitives.dll
0x00007ffd734a0000 - 0x00007ffd734cd000 	C:\WINDOWS\System32\IMM32.DLL
0x0000000059d40000 - 0x0000000059e12000 	C:\Program Files\Android\Android Studio\jre\jre\bin\msvcr100.dll
0x0000000057880000 - 0x00000000580bf000 	C:\Program Files\Android\Android Studio\jre\jre\bin\server\jvm.dll
0x00007ffd74d20000 - 0x00007ffd74d28000 	C:\WINDOWS\System32\PSAPI.DLL
0x00007ffd6f3a0000 - 0x00007ffd6f3c3000 	C:\WINDOWS\SYSTEM32\WINMM.dll
0x00007ffd66330000 - 0x00007ffd6633a000 	C:\WINDOWS\SYSTEM32\VERSION.dll
0x00007ffd66b60000 - 0x00007ffd66b69000 	C:\WINDOWS\SYSTEM32\WSOCK32.dll
0x00007ffd74b10000 - 0x00007ffd74b7c000 	C:\WINDOWS\System32\WS2_32.dll
0x00007ffd6f370000 - 0x00007ffd6f39a000 	C:\WINDOWS\SYSTEM32\winmmbase.dll
0x00007ffd71d50000 - 0x00007ffd71d99000 	C:\WINDOWS\System32\cfgmgr32.dll
0x00007ffd6cf40000 - 0x00007ffd6cf4f000 	C:\Program Files\Android\Android Studio\jre\jre\bin\verify.dll
0x00007ffd6b0b0000 - 0x00007ffd6b0d9000 	C:\Program Files\Android\Android Studio\jre\jre\bin\java.dll
0x00007ffd6b1e0000 - 0x00007ffd6b1f6000 	C:\Program Files\Android\Android Studio\jre\jre\bin\zip.dll
0x00007ffd73600000 - 0x00007ffd74a40000 	C:\WINDOWS\System32\SHELL32.dll
0x00007ffd75670000 - 0x00007ffd75719000 	C:\WINDOWS\System32\shcore.dll
0x00007ffd71da0000 - 0x00007ffd724ad000 	C:\WINDOWS\System32\windows.storage.dll
0x00007ffd74df0000 - 0x00007ffd74e41000 	C:\WINDOWS\System32\shlwapi.dll
0x00007ffd71d30000 - 0x00007ffd71d41000 	C:\WINDOWS\System32\kernel.appcore.dll
0x00007ffd71c90000 - 0x00007ffd71caf000 	C:\WINDOWS\System32\profapi.dll
0x00007ffd71cd0000 - 0x00007ffd71d1c000 	C:\WINDOWS\System32\powrprof.dll
0x00007ffd71d20000 - 0x00007ffd71d2a000 	C:\WINDOWS\System32\FLTLIB.DLL
0x00007ffd6c320000 - 0x00007ffd6c32d000 	C:\Program Files\Android\Android Studio\jre\jre\bin\management.dll
0x00007ffd6a370000 - 0x00007ffd6a38a000 	C:\Program Files\Android\Android Studio\jre\jre\bin\net.dll
0x00007ffd71510000 - 0x00007ffd71576000 	C:\WINDOWS\system32\mswsock.dll
0x00007ffd67540000 - 0x00007ffd67551000 	C:\Program Files\Android\Android Studio\jre\jre\bin\nio.dll
0x00007ffd716c0000 - 0x00007ffd716d7000 	C:\WINDOWS\SYSTEM32\CRYPTSP.dll
0x00007ffd710f0000 - 0x00007ffd71123000 	C:\WINDOWS\system32\rsaenh.dll
0x00007ffd717f0000 - 0x00007ffd71815000 	C:\WINDOWS\SYSTEM32\bcrypt.dll
0x00007ffd71bc0000 - 0x00007ffd71be8000 	C:\WINDOWS\SYSTEM32\USERENV.dll
0x00007ffd716e0000 - 0x00007ffd716eb000 	C:\WINDOWS\SYSTEM32\CRYPTBASE.dll
0x00007ffd71290000 - 0x00007ffd712c8000 	C:\WINDOWS\SYSTEM32\IPHLPAPI.DLL
0x00007ffd73160000 - 0x00007ffd73168000 	C:\WINDOWS\System32\NSI.dll
0x00007ffd69e70000 - 0x00007ffd69e86000 	C:\WINDOWS\SYSTEM32\dhcpcsvc6.DLL
0x00007ffd69eb0000 - 0x00007ffd69eca000 	C:\WINDOWS\SYSTEM32\dhcpcsvc.DLL

VM Arguments:
jvm_args: -Djava.awt.headless=true -Djava.rmi.server.hostname=localhost -Xmx1536m -Dkotlin.environment.keepalive 
java_command: org.jetbrains.kotlin.daemon.KotlinCompileDaemon --daemon-runFilesPath C:\Users\Sumit Lakra\AppData\Local\kotlin\daemon --daemon-autoshutdownIdleSeconds=7200 --daemon-compilerClasspath C:\Users\Sumit Lakra\.gradle\caches\modules-2\files-2.1\org.jetbrains.kotlin\kotlin-compiler-embeddable\1.2.31\29128887c407ed331d6dceef1a943ef0e51d6cfd\kotlin-compiler-embeddable-1.2.31.jar;C:\Users\Sumit Lakra\.gradle\caches\modules-2\files-2.1\org.jetbrains.kotlin\kotlin-stdlib\1.2.31\153dcd9ed9db246a7e36f4d7609e2a9f4718c674\kotlin-stdlib-1.2.31.jar;C:\Users\Sumit Lakra\.gradle\caches\modules-2\files-2.1\org.jetbrains.kotlin\kotlin-script-runtime\1.2.31\7904e817466f39297419e7ba3f296a2b86bb48be\kotlin-script-runtime-1.2.31.jar;C:\Users\Sumit Lakra\.gradle\caches\modules-2\files-2.1\org.jetbrains.kotlin\kotlin-reflect\1.2.31\17c564968cae80b954b294f8564c492da56bd7b5\kotlin-reflect-1.2.31.jar;C:\Program Files\Android\Android Studio\jre\lib\tools.jar
java_class_path (initial): C:\Users\Sumit Lakra\.gradle\caches\modules-2\files-2.1\org.jetbrains.kotlin\kotlin-compiler-embeddable\1.2.31\29128887c407ed331d6dceef1a943ef0e51d6cfd\kotlin-compiler-embeddable-1.2.31.jar;C:\Users\Sumit Lakra\.gradle\caches\modules-2\files-2.1\org.jetbrains.kotlin\kotlin-stdlib\1.2.31\153dcd9ed9db246a7e36f4d7609e2a9f4718c674\kotlin-stdlib-1.2.31.jar;C:\Users\Sumit Lakra\.gradle\caches\modules-2\files-2.1\org.jetbrains.kotlin\kotlin-script-runtime\1.2.31\7904e817466f39297419e7ba3f296a2b86bb48be\kotlin-script-runtime-1.2.31.jar;C:\Users\Sumit Lakra\.gradle\caches\modules-2\files-2.1\org.jetbrains.kotlin\kotlin-reflect\1.2.31\17c564968cae80b954b294f8564c492da56bd7b5\kotlin-reflect-1.2.31.jar;C:\Program Files\Android\Android Studio\jre\lib\tools.jar
Launcher Type: SUN_STANDARD

Environment Variables:
PATH=C:\Program Files (x86)\Intel\iCLS Client\;C:\Program Files\Intel\iCLS Client\;C:\WINDOWS\system32;C:\WINDOWS;C:\WINDOWS\System32\Wbem;C:\WINDOWS\System32\WindowsPowerShell\v1.0\;C:\Program Files\Intel\WiFi\bin\;C:\Program Files\Common Files\Intel\WirelessCommon\;C:\Program Files (x86)\Intel\Intel(R) Management Engine Components\DAL;C:\Program Files\Intel\Intel(R) Management Engine Components\DAL;C:\Program Files (x86)\Intel\Intel(R) Management Engine Components\IPT;C:\Program Files\Intel\Intel(R) Management Engine Components\IPT;C:\Program Files (x86)\Skype\Phone\;C:\WINDOWS\System32\OpenSSH\;C:\Program Files\Git\cmd;C:\Program Files\Intel\WiFi\bin\;C:\Program Files\Common Files\Intel\WirelessCommon\;%USERPROFILE%\AppData\Local\Microsoft\WindowsApps;
USERNAME=Sumit Lakra
OS=Windows_NT
PROCESSOR_IDENTIFIER=Intel64 Family 6 Model 142 Stepping 9, GenuineIntel



---------------  S Y S T E M  ---------------

OS: Windows 10.0 , 64 bit Build 17134 (10.0.17134.1)

CPU:total 4 (initial active 4) (2 cores per cpu, 2 threads per core) family 6 model 142 stepping 9, cmov, cx8, fxsr, mmx, sse, sse2, sse3, ssse3, sse4.1, sse4.2, popcnt, avx, avx2, aes, clmul, erms, 3dnowpref, lzcnt, ht, tsc, tscinvbit, bmi1, bmi2, adx

Memory: 4k page, physical 8303528k(861380k free), swap 10258344k(4760k free)

vm_info: OpenJDK 64-Bit Server VM (25.152-b02) for windows-amd64 JRE (1.8.0_152-release-1024-b02), built by "builder" with MS VC++ 10.0 (VS2010)

time: Fri Oct 19 18:19:39 2018
elapsed time: 4 seconds (0d 0h 0m 4s)

